[ 2017-02-27T18:12:09+08:00 ] 127.0.0.1 /PHP_Experience/admin.php/Home/FFmpeg/FFProbe
[ 基本 ]
请求信息:2017-02-27 18:12:07 HTTP/1.1 GET : /PHP_Experience/admin.php/Home/FFmpeg/FFProbe
运行时间:2.0911s ( Load:0.0170s Init:0.0040s Exec:2.0701s Template:0.0000s )
吞吐率:0.48req/s
内存开销:2,393.73 kb
查询信息:0 queries 0 writes 
文件加载:86
缓存信息:0 gets 0 writes 
配置加载:221
会话信息:SESSION_ID=rjlhtiacqbtv8dnlnht5t2hhv6

[ 文件 ]
D:\wamp64\www\PHP_Experience\admin.php ( 1.93 KB )
D:\wamp64\www\PHP_Experience\ThinkPHP\ThinkPHP.php ( 4.71 KB )
D:\wamp64\www\PHP_Experience\ThinkPHP\Library\Think\Think.class.php ( 12.32 KB )
D:\wamp64\www\PHP_Experience\ThinkPHP\Library\Think\Storage.class.php ( 1.38 KB )
D:\wamp64\www\PHP_Experience\ThinkPHP\Library\Think\Storage\Driver\File.class.php ( 3.56 KB )
D:\wamp64\www\PHP_Experience\ThinkPHP\Mode\common.php ( 2.82 KB )
D:\wamp64\www\PHP_Experience\ThinkPHP\Common\functions.php ( 52.60 KB )
D:\wamp64\www\PHP_Experience\Backend\Common\Common\function.php ( 42.11 KB )
D:\wamp64\www\PHP_Experience\vendor\autoload.php ( 0.17 KB )
D:\wamp64\www\PHP_Experience\vendor\composer\autoload_real.php ( 2.36 KB )
D:\wamp64\www\PHP_Experience\vendor\composer\ClassLoader.php ( 12.94 KB )
D:\wamp64\www\PHP_Experience\vendor\composer\autoload_static.php ( 4.93 KB )
D:\wamp64\www\PHP_Experience\vendor\ezyang\htmlpurifier\library\HTMLPurifier.composer.php ( 0.10 KB )
D:\wamp64\www\PHP_Experience\vendor\qiniu\php-sdk\src\Qiniu\functions.php ( 7.10 KB )
D:\wamp64\www\PHP_Experience\vendor\qiniu\php-sdk\src\Qiniu\Config.php ( 0.70 KB )
D:\wamp64\www\PHP_Experience\ThinkPHP\Library\Think\Hook.class.php ( 4.02 KB )
D:\wamp64\www\PHP_Experience\ThinkPHP\Library\Think\App.class.php ( 12.44 KB )
D:\wamp64\www\PHP_Experience\ThinkPHP\Library\Think\Dispatcher.class.php ( 15.15 KB )
D:\wamp64\www\PHP_Experience\ThinkPHP\Library\Think\Route.class.php ( 13.38 KB )
D:\wamp64\www\PHP_Experience\ThinkPHP\Library\Think\Controller.class.php ( 10.95 KB )
D:\wamp64\www\PHP_Experience\ThinkPHP\Library\Think\View.class.php ( 7.96 KB )
D:\wamp64\www\PHP_Experience\ThinkPHP\Library\Behavior\BuildLiteBehavior.class.php ( 3.69 KB )
D:\wamp64\www\PHP_Experience\ThinkPHP\Library\Behavior\ParseTemplateBehavior.class.php ( 3.89 KB )
D:\wamp64\www\PHP_Experience\ThinkPHP\Library\Behavior\ContentReplaceBehavior.class.php ( 1.93 KB )
D:\wamp64\www\PHP_Experience\ThinkPHP\Conf\convention.php ( 11.18 KB )
D:\wamp64\www\PHP_Experience\Backend\Common\Conf\config.php ( 7.19 KB )
D:\wamp64\www\PHP_Experience\Backend\Common\Conf\tags.php ( 0.50 KB )
D:\wamp64\www\PHP_Experience\ThinkPHP\Lang\zh-cn.php ( 2.57 KB )
D:\wamp64\www\PHP_Experience\ThinkPHP\Conf\debug.php ( 1.51 KB )
D:\wamp64\www\PHP_Experience\Backend\Common\Conf\db.php ( 0.75 KB )
D:\wamp64\www\PHP_Experience\Backend\Common\Conf\redis.php ( 1.45 KB )
D:\wamp64\www\PHP_Experience\Backend\Common\Conf\rbac.php ( 0.96 KB )
D:\wamp64\www\PHP_Experience\Backend\Home\Conf\config.php ( 1.23 KB )
D:\wamp64\www\PHP_Experience\Backend\Home\Common\function.php ( 2.31 KB )
D:\wamp64\www\PHP_Experience\ThinkPHP\Library\Behavior\ReadHtmlCacheBehavior.class.php ( 5.62 KB )
D:\wamp64\www\PHP_Experience\Backend\Common\Behaviors\AppBeginBehavior.class.php ( 0.82 KB )
D:\wamp64\www\PHP_Experience\ThinkPHP\Library\Think\Behavior.class.php ( 0.88 KB )
D:\wamp64\www\PHP_Experience\Backend\Home\Controller\FFmpegController.class.php ( 15.92 KB )
D:\wamp64\www\PHP_Experience\vendor\php-ffmpeg\php-ffmpeg\src\FFMpeg\FFProbe.php ( 6.38 KB )
D:\wamp64\www\PHP_Experience\vendor\doctrine\cache\lib\Doctrine\Common\Cache\ArrayCache.php ( 3.28 KB )
D:\wamp64\www\PHP_Experience\vendor\doctrine\cache\lib\Doctrine\Common\Cache\CacheProvider.php ( 8.66 KB )
D:\wamp64\www\PHP_Experience\vendor\doctrine\cache\lib\Doctrine\Common\Cache\Cache.php ( 3.99 KB )
D:\wamp64\www\PHP_Experience\vendor\doctrine\cache\lib\Doctrine\Common\Cache\FlushableCache.php ( 1.36 KB )
D:\wamp64\www\PHP_Experience\vendor\doctrine\cache\lib\Doctrine\Common\Cache\ClearableCache.php ( 1.50 KB )
D:\wamp64\www\PHP_Experience\vendor\doctrine\cache\lib\Doctrine\Common\Cache\MultiGetCache.php ( 1.57 KB )
D:\wamp64\www\PHP_Experience\vendor\doctrine\cache\lib\Doctrine\Common\Cache\MultiPutCache.php ( 1.68 KB )
D:\wamp64\www\PHP_Experience\vendor\php-ffmpeg\php-ffmpeg\src\FFMpeg\Driver\FFProbeDriver.php ( 1.44 KB )
D:\wamp64\www\PHP_Experience\vendor\alchemy\binary-driver\src\Alchemy\BinaryDriver\AbstractBinary.php ( 5.68 KB )
D:\wamp64\www\PHP_Experience\vendor\evenement\evenement\src\Evenement\EventEmitter.php ( 0.32 KB )
D:\wamp64\www\PHP_Experience\vendor\evenement\evenement\src\Evenement\EventEmitterInterface.php ( 0.59 KB )
D:\wamp64\www\PHP_Experience\vendor\evenement\evenement\src\Evenement\EventEmitterTrait.php ( 1.62 KB )
D:\wamp64\www\PHP_Experience\vendor\alchemy\binary-driver\src\Alchemy\BinaryDriver\BinaryInterface.php ( 2.23 KB )
D:\wamp64\www\PHP_Experience\vendor\alchemy\binary-driver\src\Alchemy\BinaryDriver\ConfigurationAwareInterface.php ( 0.60 KB )
D:\wamp64\www\PHP_Experience\vendor\alchemy\binary-driver\src\Alchemy\BinaryDriver\ProcessBuilderFactoryAwareInterface.php ( 0.66 KB )
D:\wamp64\www\PHP_Experience\vendor\alchemy\binary-driver\src\Alchemy\BinaryDriver\ProcessRunnerAwareInterface.php ( 0.60 KB )
D:\wamp64\www\PHP_Experience\vendor\alchemy\binary-driver\src\Alchemy\BinaryDriver\Configuration.php ( 1.76 KB )
D:\wamp64\www\PHP_Experience\vendor\alchemy\binary-driver\src\Alchemy\BinaryDriver\ConfigurationInterface.php ( 1.21 KB )
D:\wamp64\www\PHP_Experience\vendor\symfony\process\ExecutableFinder.php ( 2.54 KB )
D:\wamp64\www\PHP_Experience\vendor\monolog\monolog\src\Monolog\Logger.php ( 18.85 KB )
D:\wamp64\www\PHP_Experience\vendor\psr\log\Psr\Log\LoggerInterface.php ( 2.97 KB )
D:\wamp64\www\PHP_Experience\vendor\monolog\monolog\src\Monolog\Handler\NullHandler.php ( 0.93 KB )
D:\wamp64\www\PHP_Experience\vendor\monolog\monolog\src\Monolog\Handler\AbstractHandler.php ( 4.03 KB )
D:\wamp64\www\PHP_Experience\vendor\monolog\monolog\src\Monolog\Handler\HandlerInterface.php ( 2.54 KB )
D:\wamp64\www\PHP_Experience\vendor\alchemy\binary-driver\src\Alchemy\BinaryDriver\ProcessBuilderFactory.php ( 3.62 KB )
D:\wamp64\www\PHP_Experience\vendor\alchemy\binary-driver\src\Alchemy\BinaryDriver\ProcessBuilderFactoryInterface.php ( 1.51 KB )
D:\wamp64\www\PHP_Experience\vendor\symfony\process\ProcessBuilder.php ( 6.24 KB )
D:\wamp64\www\PHP_Experience\vendor\alchemy\binary-driver\src\Alchemy\BinaryDriver\ProcessRunner.php ( 2.67 KB )
D:\wamp64\www\PHP_Experience\vendor\alchemy\binary-driver\src\Alchemy\BinaryDriver\ProcessRunnerInterface.php ( 0.94 KB )
D:\wamp64\www\PHP_Experience\vendor\psr\log\Psr\Log\LoggerAwareInterface.php ( 0.29 KB )
D:\wamp64\www\PHP_Experience\vendor\alchemy\binary-driver\src\Alchemy\BinaryDriver\Listeners\Listeners.php ( 2.17 KB )
D:\wamp64\www\PHP_Experience\vendor\php-ffmpeg\php-ffmpeg\src\FFMpeg\FFProbe\OptionsTester.php ( 1.62 KB )
D:\wamp64\www\PHP_Experience\vendor\php-ffmpeg\php-ffmpeg\src\FFMpeg\FFProbe\OptionsTesterInterface.php ( 0.44 KB )
D:\wamp64\www\PHP_Experience\vendor\php-ffmpeg\php-ffmpeg\src\FFMpeg\FFProbe\OutputParser.php ( 3.21 KB )
D:\wamp64\www\PHP_Experience\vendor\php-ffmpeg\php-ffmpeg\src\FFMpeg\FFProbe\OutputParserInterface.php ( 0.57 KB )
D:\wamp64\www\PHP_Experience\vendor\php-ffmpeg\php-ffmpeg\src\FFMpeg\FFProbe\Mapper.php ( 1.23 KB )
D:\wamp64\www\PHP_Experience\vendor\php-ffmpeg\php-ffmpeg\src\FFMpeg\FFProbe\MapperInterface.php ( 0.57 KB )
D:\wamp64\www\PHP_Experience\vendor\symfony\process\ProcessUtils.php ( 3.56 KB )
D:\wamp64\www\PHP_Experience\vendor\symfony\process\Process.php ( 48.33 KB )
D:\wamp64\www\PHP_Experience\vendor\symfony\process\Pipes\WindowsPipes.php ( 5.51 KB )
D:\wamp64\www\PHP_Experience\vendor\symfony\process\Pipes\AbstractPipes.php ( 4.76 KB )
D:\wamp64\www\PHP_Experience\vendor\symfony\process\Pipes\PipesInterface.php ( 1.49 KB )
D:\wamp64\www\PHP_Experience\vendor\php-ffmpeg\php-ffmpeg\src\FFMpeg\FFProbe\DataMapping\Format.php ( 0.29 KB )
D:\wamp64\www\PHP_Experience\vendor\php-ffmpeg\php-ffmpeg\src\FFMpeg\FFProbe\DataMapping\AbstractData.php ( 1.72 KB )
D:\wamp64\www\PHP_Experience\vendor\php-ffmpeg\php-ffmpeg\src\FFMpeg\FFProbe\DataMapping\StreamCollection.php ( 1.92 KB )
D:\wamp64\www\PHP_Experience\vendor\php-ffmpeg\php-ffmpeg\src\FFMpeg\FFProbe\DataMapping\Stream.php ( 3.08 KB )
D:\wamp64\www\PHP_Experience\ThinkPHP\Library\Behavior\ShowPageTraceBehavior.class.php ( 5.27 KB )

[ SQL ]


[ 2017-02-27T18:12:54+08:00 ] 127.0.0.1 /PHP_Experience/admin.php/Home/FFmpeg/extracting_image
[ 基本 ]
请求信息:2017-02-27 18:12:53 HTTP/1.1 GET : /PHP_Experience/admin.php/Home/FFmpeg/extracting_image
运行时间:0.8030s ( Load:0.0160s Init:0.0050s Exec:0.7820s Template:0.0000s )
吞吐率:1.25req/s
内存开销:2,523.09 kb
查询信息:0 queries 0 writes 
文件加载:95
缓存信息:0 gets 0 writes 
配置加载:221
会话信息:SESSION_ID=rjlhtiacqbtv8dnlnht5t2hhv6

[ 文件 ]
D:\wamp64\www\PHP_Experience\admin.php ( 1.93 KB )
D:\wamp64\www\PHP_Experience\ThinkPHP\ThinkPHP.php ( 4.71 KB )
D:\wamp64\www\PHP_Experience\ThinkPHP\Library\Think\Think.class.php ( 12.32 KB )
D:\wamp64\www\PHP_Experience\ThinkPHP\Library\Think\Storage.class.php ( 1.38 KB )
D:\wamp64\www\PHP_Experience\ThinkPHP\Library\Think\Storage\Driver\File.class.php ( 3.56 KB )
D:\wamp64\www\PHP_Experience\ThinkPHP\Mode\common.php ( 2.82 KB )
D:\wamp64\www\PHP_Experience\ThinkPHP\Common\functions.php ( 52.60 KB )
D:\wamp64\www\PHP_Experience\Backend\Common\Common\function.php ( 42.11 KB )
D:\wamp64\www\PHP_Experience\vendor\autoload.php ( 0.17 KB )
D:\wamp64\www\PHP_Experience\vendor\composer\autoload_real.php ( 2.36 KB )
D:\wamp64\www\PHP_Experience\vendor\composer\ClassLoader.php ( 12.94 KB )
D:\wamp64\www\PHP_Experience\vendor\composer\autoload_static.php ( 4.93 KB )
D:\wamp64\www\PHP_Experience\vendor\ezyang\htmlpurifier\library\HTMLPurifier.composer.php ( 0.10 KB )
D:\wamp64\www\PHP_Experience\vendor\qiniu\php-sdk\src\Qiniu\functions.php ( 7.10 KB )
D:\wamp64\www\PHP_Experience\vendor\qiniu\php-sdk\src\Qiniu\Config.php ( 0.70 KB )
D:\wamp64\www\PHP_Experience\ThinkPHP\Library\Think\Hook.class.php ( 4.02 KB )
D:\wamp64\www\PHP_Experience\ThinkPHP\Library\Think\App.class.php ( 12.44 KB )
D:\wamp64\www\PHP_Experience\ThinkPHP\Library\Think\Dispatcher.class.php ( 15.15 KB )
D:\wamp64\www\PHP_Experience\ThinkPHP\Library\Think\Route.class.php ( 13.38 KB )
D:\wamp64\www\PHP_Experience\ThinkPHP\Library\Think\Controller.class.php ( 10.95 KB )
D:\wamp64\www\PHP_Experience\ThinkPHP\Library\Think\View.class.php ( 7.96 KB )
D:\wamp64\www\PHP_Experience\ThinkPHP\Library\Behavior\BuildLiteBehavior.class.php ( 3.69 KB )
D:\wamp64\www\PHP_Experience\ThinkPHP\Library\Behavior\ParseTemplateBehavior.class.php ( 3.89 KB )
D:\wamp64\www\PHP_Experience\ThinkPHP\Library\Behavior\ContentReplaceBehavior.class.php ( 1.93 KB )
D:\wamp64\www\PHP_Experience\ThinkPHP\Conf\convention.php ( 11.18 KB )
D:\wamp64\www\PHP_Experience\Backend\Common\Conf\config.php ( 7.19 KB )
D:\wamp64\www\PHP_Experience\Backend\Common\Conf\tags.php ( 0.50 KB )
D:\wamp64\www\PHP_Experience\ThinkPHP\Lang\zh-cn.php ( 2.57 KB )
D:\wamp64\www\PHP_Experience\ThinkPHP\Conf\debug.php ( 1.51 KB )
D:\wamp64\www\PHP_Experience\Backend\Common\Conf\db.php ( 0.75 KB )
D:\wamp64\www\PHP_Experience\Backend\Common\Conf\redis.php ( 1.45 KB )
D:\wamp64\www\PHP_Experience\Backend\Common\Conf\rbac.php ( 0.96 KB )
D:\wamp64\www\PHP_Experience\Backend\Home\Conf\config.php ( 1.23 KB )
D:\wamp64\www\PHP_Experience\Backend\Home\Common\function.php ( 2.31 KB )
D:\wamp64\www\PHP_Experience\ThinkPHP\Library\Behavior\ReadHtmlCacheBehavior.class.php ( 5.62 KB )
D:\wamp64\www\PHP_Experience\Backend\Common\Behaviors\AppBeginBehavior.class.php ( 0.82 KB )
D:\wamp64\www\PHP_Experience\ThinkPHP\Library\Think\Behavior.class.php ( 0.88 KB )
D:\wamp64\www\PHP_Experience\Backend\Home\Controller\FFmpegController.class.php ( 15.92 KB )
D:\wamp64\www\PHP_Experience\vendor\php-ffmpeg\php-ffmpeg\src\FFMpeg\FFMpeg.php ( 2.74 KB )
D:\wamp64\www\PHP_Experience\vendor\php-ffmpeg\php-ffmpeg\src\FFMpeg\FFProbe.php ( 6.38 KB )
D:\wamp64\www\PHP_Experience\vendor\doctrine\cache\lib\Doctrine\Common\Cache\ArrayCache.php ( 3.28 KB )
D:\wamp64\www\PHP_Experience\vendor\doctrine\cache\lib\Doctrine\Common\Cache\CacheProvider.php ( 8.66 KB )
D:\wamp64\www\PHP_Experience\vendor\doctrine\cache\lib\Doctrine\Common\Cache\Cache.php ( 3.99 KB )
D:\wamp64\www\PHP_Experience\vendor\doctrine\cache\lib\Doctrine\Common\Cache\FlushableCache.php ( 1.36 KB )
D:\wamp64\www\PHP_Experience\vendor\doctrine\cache\lib\Doctrine\Common\Cache\ClearableCache.php ( 1.50 KB )
D:\wamp64\www\PHP_Experience\vendor\doctrine\cache\lib\Doctrine\Common\Cache\MultiGetCache.php ( 1.57 KB )
D:\wamp64\www\PHP_Experience\vendor\doctrine\cache\lib\Doctrine\Common\Cache\MultiPutCache.php ( 1.68 KB )
D:\wamp64\www\PHP_Experience\vendor\php-ffmpeg\php-ffmpeg\src\FFMpeg\Driver\FFProbeDriver.php ( 1.44 KB )
D:\wamp64\www\PHP_Experience\vendor\alchemy\binary-driver\src\Alchemy\BinaryDriver\AbstractBinary.php ( 5.68 KB )
D:\wamp64\www\PHP_Experience\vendor\evenement\evenement\src\Evenement\EventEmitter.php ( 0.32 KB )
D:\wamp64\www\PHP_Experience\vendor\evenement\evenement\src\Evenement\EventEmitterInterface.php ( 0.59 KB )
D:\wamp64\www\PHP_Experience\vendor\evenement\evenement\src\Evenement\EventEmitterTrait.php ( 1.62 KB )
D:\wamp64\www\PHP_Experience\vendor\alchemy\binary-driver\src\Alchemy\BinaryDriver\BinaryInterface.php ( 2.23 KB )
D:\wamp64\www\PHP_Experience\vendor\alchemy\binary-driver\src\Alchemy\BinaryDriver\ConfigurationAwareInterface.php ( 0.60 KB )
D:\wamp64\www\PHP_Experience\vendor\alchemy\binary-driver\src\Alchemy\BinaryDriver\ProcessBuilderFactoryAwareInterface.php ( 0.66 KB )
D:\wamp64\www\PHP_Experience\vendor\alchemy\binary-driver\src\Alchemy\BinaryDriver\ProcessRunnerAwareInterface.php ( 0.60 KB )
D:\wamp64\www\PHP_Experience\vendor\alchemy\binary-driver\src\Alchemy\BinaryDriver\Configuration.php ( 1.76 KB )
D:\wamp64\www\PHP_Experience\vendor\alchemy\binary-driver\src\Alchemy\BinaryDriver\ConfigurationInterface.php ( 1.21 KB )
D:\wamp64\www\PHP_Experience\vendor\symfony\process\ExecutableFinder.php ( 2.54 KB )
D:\wamp64\www\PHP_Experience\vendor\monolog\monolog\src\Monolog\Logger.php ( 18.85 KB )
D:\wamp64\www\PHP_Experience\vendor\psr\log\Psr\Log\LoggerInterface.php ( 2.97 KB )
D:\wamp64\www\PHP_Experience\vendor\monolog\monolog\src\Monolog\Handler\NullHandler.php ( 0.93 KB )
D:\wamp64\www\PHP_Experience\vendor\monolog\monolog\src\Monolog\Handler\AbstractHandler.php ( 4.03 KB )
D:\wamp64\www\PHP_Experience\vendor\monolog\monolog\src\Monolog\Handler\HandlerInterface.php ( 2.54 KB )
D:\wamp64\www\PHP_Experience\vendor\alchemy\binary-driver\src\Alchemy\BinaryDriver\ProcessBuilderFactory.php ( 3.62 KB )
D:\wamp64\www\PHP_Experience\vendor\alchemy\binary-driver\src\Alchemy\BinaryDriver\ProcessBuilderFactoryInterface.php ( 1.51 KB )
D:\wamp64\www\PHP_Experience\vendor\symfony\process\ProcessBuilder.php ( 6.24 KB )
D:\wamp64\www\PHP_Experience\vendor\alchemy\binary-driver\src\Alchemy\BinaryDriver\ProcessRunner.php ( 2.67 KB )
D:\wamp64\www\PHP_Experience\vendor\alchemy\binary-driver\src\Alchemy\BinaryDriver\ProcessRunnerInterface.php ( 0.94 KB )
D:\wamp64\www\PHP_Experience\vendor\psr\log\Psr\Log\LoggerAwareInterface.php ( 0.29 KB )
D:\wamp64\www\PHP_Experience\vendor\alchemy\binary-driver\src\Alchemy\BinaryDriver\Listeners\Listeners.php ( 2.17 KB )
D:\wamp64\www\PHP_Experience\vendor\php-ffmpeg\php-ffmpeg\src\FFMpeg\FFProbe\OptionsTester.php ( 1.62 KB )
D:\wamp64\www\PHP_Experience\vendor\php-ffmpeg\php-ffmpeg\src\FFMpeg\FFProbe\OptionsTesterInterface.php ( 0.44 KB )
D:\wamp64\www\PHP_Experience\vendor\php-ffmpeg\php-ffmpeg\src\FFMpeg\FFProbe\OutputParser.php ( 3.21 KB )
D:\wamp64\www\PHP_Experience\vendor\php-ffmpeg\php-ffmpeg\src\FFMpeg\FFProbe\OutputParserInterface.php ( 0.57 KB )
D:\wamp64\www\PHP_Experience\vendor\php-ffmpeg\php-ffmpeg\src\FFMpeg\FFProbe\Mapper.php ( 1.23 KB )
D:\wamp64\www\PHP_Experience\vendor\php-ffmpeg\php-ffmpeg\src\FFMpeg\FFProbe\MapperInterface.php ( 0.57 KB )
D:\wamp64\www\PHP_Experience\vendor\php-ffmpeg\php-ffmpeg\src\FFMpeg\Driver\FFMpegDriver.php ( 1.53 KB )
D:\wamp64\www\PHP_Experience\vendor\symfony\process\ProcessUtils.php ( 3.56 KB )
D:\wamp64\www\PHP_Experience\vendor\symfony\process\Process.php ( 48.33 KB )
D:\wamp64\www\PHP_Experience\vendor\symfony\process\Pipes\WindowsPipes.php ( 5.51 KB )
D:\wamp64\www\PHP_Experience\vendor\symfony\process\Pipes\AbstractPipes.php ( 4.76 KB )
D:\wamp64\www\PHP_Experience\vendor\symfony\process\Pipes\PipesInterface.php ( 1.49 KB )
D:\wamp64\www\PHP_Experience\vendor\php-ffmpeg\php-ffmpeg\src\FFMpeg\FFProbe\DataMapping\StreamCollection.php ( 1.92 KB )
D:\wamp64\www\PHP_Experience\vendor\php-ffmpeg\php-ffmpeg\src\FFMpeg\FFProbe\DataMapping\Stream.php ( 3.08 KB )
D:\wamp64\www\PHP_Experience\vendor\php-ffmpeg\php-ffmpeg\src\FFMpeg\FFProbe\DataMapping\AbstractData.php ( 1.72 KB )
D:\wamp64\www\PHP_Experience\vendor\php-ffmpeg\php-ffmpeg\src\FFMpeg\Media\Video.php ( 6.23 KB )
D:\wamp64\www\PHP_Experience\vendor\php-ffmpeg\php-ffmpeg\src\FFMpeg\Media\Audio.php ( 3.23 KB )
D:\wamp64\www\PHP_Experience\vendor\php-ffmpeg\php-ffmpeg\src\FFMpeg\Media\AbstractStreamableMedia.php ( 0.79 KB )
D:\wamp64\www\PHP_Experience\vendor\php-ffmpeg\php-ffmpeg\src\FFMpeg\Media\AbstractMediaType.php ( 2.17 KB )
D:\wamp64\www\PHP_Experience\vendor\php-ffmpeg\php-ffmpeg\src\FFMpeg\Media\MediaTypeInterface.php ( 0.42 KB )
D:\wamp64\www\PHP_Experience\vendor\php-ffmpeg\php-ffmpeg\src\FFMpeg\Filters\FiltersCollection.php ( 1.28 KB )
D:\wamp64\www\PHP_Experience\vendor\php-ffmpeg\php-ffmpeg\src\FFMpeg\Coordinate\TimeCode.php ( 2.61 KB )
D:\wamp64\www\PHP_Experience\vendor\php-ffmpeg\php-ffmpeg\src\FFMpeg\Media\Frame.php ( 3.21 KB )
D:\wamp64\www\PHP_Experience\ThinkPHP\Library\Behavior\ShowPageTraceBehavior.class.php ( 5.27 KB )

[ SQL ]


[ 2017-02-27T18:13:19+08:00 ] 127.0.0.1 /PHP_Experience/admin.php/Home/FFmpeg/extracting_image
[ 基本 ]
请求信息:2017-02-27 18:13:19 HTTP/1.1 GET : /PHP_Experience/admin.php/Home/FFmpeg/extracting_image
运行时间:0.7240s ( Load:0.0200s Init:0.0060s Exec:0.6980s Template:0.0000s )
吞吐率:1.38req/s
内存开销:2,523.09 kb
查询信息:0 queries 0 writes 
文件加载:95
缓存信息:0 gets 0 writes 
配置加载:221
会话信息:SESSION_ID=rjlhtiacqbtv8dnlnht5t2hhv6

[ 文件 ]
D:\wamp64\www\PHP_Experience\admin.php ( 1.93 KB )
D:\wamp64\www\PHP_Experience\ThinkPHP\ThinkPHP.php ( 4.71 KB )
D:\wamp64\www\PHP_Experience\ThinkPHP\Library\Think\Think.class.php ( 12.32 KB )
D:\wamp64\www\PHP_Experience\ThinkPHP\Library\Think\Storage.class.php ( 1.38 KB )
D:\wamp64\www\PHP_Experience\ThinkPHP\Library\Think\Storage\Driver\File.class.php ( 3.56 KB )
D:\wamp64\www\PHP_Experience\ThinkPHP\Mode\common.php ( 2.82 KB )
D:\wamp64\www\PHP_Experience\ThinkPHP\Common\functions.php ( 52.60 KB )
D:\wamp64\www\PHP_Experience\Backend\Common\Common\function.php ( 42.11 KB )
D:\wamp64\www\PHP_Experience\vendor\autoload.php ( 0.17 KB )
D:\wamp64\www\PHP_Experience\vendor\composer\autoload_real.php ( 2.36 KB )
D:\wamp64\www\PHP_Experience\vendor\composer\ClassLoader.php ( 12.94 KB )
D:\wamp64\www\PHP_Experience\vendor\composer\autoload_static.php ( 4.93 KB )
D:\wamp64\www\PHP_Experience\vendor\ezyang\htmlpurifier\library\HTMLPurifier.composer.php ( 0.10 KB )
D:\wamp64\www\PHP_Experience\vendor\qiniu\php-sdk\src\Qiniu\functions.php ( 7.10 KB )
D:\wamp64\www\PHP_Experience\vendor\qiniu\php-sdk\src\Qiniu\Config.php ( 0.70 KB )
D:\wamp64\www\PHP_Experience\ThinkPHP\Library\Think\Hook.class.php ( 4.02 KB )
D:\wamp64\www\PHP_Experience\ThinkPHP\Library\Think\App.class.php ( 12.44 KB )
D:\wamp64\www\PHP_Experience\ThinkPHP\Library\Think\Dispatcher.class.php ( 15.15 KB )
D:\wamp64\www\PHP_Experience\ThinkPHP\Library\Think\Route.class.php ( 13.38 KB )
D:\wamp64\www\PHP_Experience\ThinkPHP\Library\Think\Controller.class.php ( 10.95 KB )
D:\wamp64\www\PHP_Experience\ThinkPHP\Library\Think\View.class.php ( 7.96 KB )
D:\wamp64\www\PHP_Experience\ThinkPHP\Library\Behavior\BuildLiteBehavior.class.php ( 3.69 KB )
D:\wamp64\www\PHP_Experience\ThinkPHP\Library\Behavior\ParseTemplateBehavior.class.php ( 3.89 KB )
D:\wamp64\www\PHP_Experience\ThinkPHP\Library\Behavior\ContentReplaceBehavior.class.php ( 1.93 KB )
D:\wamp64\www\PHP_Experience\ThinkPHP\Conf\convention.php ( 11.18 KB )
D:\wamp64\www\PHP_Experience\Backend\Common\Conf\config.php ( 7.19 KB )
D:\wamp64\www\PHP_Experience\Backend\Common\Conf\tags.php ( 0.50 KB )
D:\wamp64\www\PHP_Experience\ThinkPHP\Lang\zh-cn.php ( 2.57 KB )
D:\wamp64\www\PHP_Experience\ThinkPHP\Conf\debug.php ( 1.51 KB )
D:\wamp64\www\PHP_Experience\Backend\Common\Conf\db.php ( 0.75 KB )
D:\wamp64\www\PHP_Experience\Backend\Common\Conf\redis.php ( 1.45 KB )
D:\wamp64\www\PHP_Experience\Backend\Common\Conf\rbac.php ( 0.96 KB )
D:\wamp64\www\PHP_Experience\Backend\Home\Conf\config.php ( 1.23 KB )
D:\wamp64\www\PHP_Experience\Backend\Home\Common\function.php ( 2.31 KB )
D:\wamp64\www\PHP_Experience\ThinkPHP\Library\Behavior\ReadHtmlCacheBehavior.class.php ( 5.62 KB )
D:\wamp64\www\PHP_Experience\Backend\Common\Behaviors\AppBeginBehavior.class.php ( 0.82 KB )
D:\wamp64\www\PHP_Experience\ThinkPHP\Library\Think\Behavior.class.php ( 0.88 KB )
D:\wamp64\www\PHP_Experience\Backend\Home\Controller\FFmpegController.class.php ( 15.92 KB )
D:\wamp64\www\PHP_Experience\vendor\php-ffmpeg\php-ffmpeg\src\FFMpeg\FFMpeg.php ( 2.74 KB )
D:\wamp64\www\PHP_Experience\vendor\php-ffmpeg\php-ffmpeg\src\FFMpeg\FFProbe.php ( 6.38 KB )
D:\wamp64\www\PHP_Experience\vendor\doctrine\cache\lib\Doctrine\Common\Cache\ArrayCache.php ( 3.28 KB )
D:\wamp64\www\PHP_Experience\vendor\doctrine\cache\lib\Doctrine\Common\Cache\CacheProvider.php ( 8.66 KB )
D:\wamp64\www\PHP_Experience\vendor\doctrine\cache\lib\Doctrine\Common\Cache\Cache.php ( 3.99 KB )
D:\wamp64\www\PHP_Experience\vendor\doctrine\cache\lib\Doctrine\Common\Cache\FlushableCache.php ( 1.36 KB )
D:\wamp64\www\PHP_Experience\vendor\doctrine\cache\lib\Doctrine\Common\Cache\ClearableCache.php ( 1.50 KB )
D:\wamp64\www\PHP_Experience\vendor\doctrine\cache\lib\Doctrine\Common\Cache\MultiGetCache.php ( 1.57 KB )
D:\wamp64\www\PHP_Experience\vendor\doctrine\cache\lib\Doctrine\Common\Cache\MultiPutCache.php ( 1.68 KB )
D:\wamp64\www\PHP_Experience\vendor\php-ffmpeg\php-ffmpeg\src\FFMpeg\Driver\FFProbeDriver.php ( 1.44 KB )
D:\wamp64\www\PHP_Experience\vendor\alchemy\binary-driver\src\Alchemy\BinaryDriver\AbstractBinary.php ( 5.68 KB )
D:\wamp64\www\PHP_Experience\vendor\evenement\evenement\src\Evenement\EventEmitter.php ( 0.32 KB )
D:\wamp64\www\PHP_Experience\vendor\evenement\evenement\src\Evenement\EventEmitterInterface.php ( 0.59 KB )
D:\wamp64\www\PHP_Experience\vendor\evenement\evenement\src\Evenement\EventEmitterTrait.php ( 1.62 KB )
D:\wamp64\www\PHP_Experience\vendor\alchemy\binary-driver\src\Alchemy\BinaryDriver\BinaryInterface.php ( 2.23 KB )
D:\wamp64\www\PHP_Experience\vendor\alchemy\binary-driver\src\Alchemy\BinaryDriver\ConfigurationAwareInterface.php ( 0.60 KB )
D:\wamp64\www\PHP_Experience\vendor\alchemy\binary-driver\src\Alchemy\BinaryDriver\ProcessBuilderFactoryAwareInterface.php ( 0.66 KB )
D:\wamp64\www\PHP_Experience\vendor\alchemy\binary-driver\src\Alchemy\BinaryDriver\ProcessRunnerAwareInterface.php ( 0.60 KB )
D:\wamp64\www\PHP_Experience\vendor\alchemy\binary-driver\src\Alchemy\BinaryDriver\Configuration.php ( 1.76 KB )
D:\wamp64\www\PHP_Experience\vendor\alchemy\binary-driver\src\Alchemy\BinaryDriver\ConfigurationInterface.php ( 1.21 KB )
D:\wamp64\www\PHP_Experience\vendor\symfony\process\ExecutableFinder.php ( 2.54 KB )
D:\wamp64\www\PHP_Experience\vendor\monolog\monolog\src\Monolog\Logger.php ( 18.85 KB )
D:\wamp64\www\PHP_Experience\vendor\psr\log\Psr\Log\LoggerInterface.php ( 2.97 KB )
D:\wamp64\www\PHP_Experience\vendor\monolog\monolog\src\Monolog\Handler\NullHandler.php ( 0.93 KB )
D:\wamp64\www\PHP_Experience\vendor\monolog\monolog\src\Monolog\Handler\AbstractHandler.php ( 4.03 KB )
D:\wamp64\www\PHP_Experience\vendor\monolog\monolog\src\Monolog\Handler\HandlerInterface.php ( 2.54 KB )
D:\wamp64\www\PHP_Experience\vendor\alchemy\binary-driver\src\Alchemy\BinaryDriver\ProcessBuilderFactory.php ( 3.62 KB )
D:\wamp64\www\PHP_Experience\vendor\alchemy\binary-driver\src\Alchemy\BinaryDriver\ProcessBuilderFactoryInterface.php ( 1.51 KB )
D:\wamp64\www\PHP_Experience\vendor\symfony\process\ProcessBuilder.php ( 6.24 KB )
D:\wamp64\www\PHP_Experience\vendor\alchemy\binary-driver\src\Alchemy\BinaryDriver\ProcessRunner.php ( 2.67 KB )
D:\wamp64\www\PHP_Experience\vendor\alchemy\binary-driver\src\Alchemy\BinaryDriver\ProcessRunnerInterface.php ( 0.94 KB )
D:\wamp64\www\PHP_Experience\vendor\psr\log\Psr\Log\LoggerAwareInterface.php ( 0.29 KB )
D:\wamp64\www\PHP_Experience\vendor\alchemy\binary-driver\src\Alchemy\BinaryDriver\Listeners\Listeners.php ( 2.17 KB )
D:\wamp64\www\PHP_Experience\vendor\php-ffmpeg\php-ffmpeg\src\FFMpeg\FFProbe\OptionsTester.php ( 1.62 KB )
D:\wamp64\www\PHP_Experience\vendor\php-ffmpeg\php-ffmpeg\src\FFMpeg\FFProbe\OptionsTesterInterface.php ( 0.44 KB )
D:\wamp64\www\PHP_Experience\vendor\php-ffmpeg\php-ffmpeg\src\FFMpeg\FFProbe\OutputParser.php ( 3.21 KB )
D:\wamp64\www\PHP_Experience\vendor\php-ffmpeg\php-ffmpeg\src\FFMpeg\FFProbe\OutputParserInterface.php ( 0.57 KB )
D:\wamp64\www\PHP_Experience\vendor\php-ffmpeg\php-ffmpeg\src\FFMpeg\FFProbe\Mapper.php ( 1.23 KB )
D:\wamp64\www\PHP_Experience\vendor\php-ffmpeg\php-ffmpeg\src\FFMpeg\FFProbe\MapperInterface.php ( 0.57 KB )
D:\wamp64\www\PHP_Experience\vendor\php-ffmpeg\php-ffmpeg\src\FFMpeg\Driver\FFMpegDriver.php ( 1.53 KB )
D:\wamp64\www\PHP_Experience\vendor\symfony\process\ProcessUtils.php ( 3.56 KB )
D:\wamp64\www\PHP_Experience\vendor\symfony\process\Process.php ( 48.33 KB )
D:\wamp64\www\PHP_Experience\vendor\symfony\process\Pipes\WindowsPipes.php ( 5.51 KB )
D:\wamp64\www\PHP_Experience\vendor\symfony\process\Pipes\AbstractPipes.php ( 4.76 KB )
D:\wamp64\www\PHP_Experience\vendor\symfony\process\Pipes\PipesInterface.php ( 1.49 KB )
D:\wamp64\www\PHP_Experience\vendor\php-ffmpeg\php-ffmpeg\src\FFMpeg\FFProbe\DataMapping\StreamCollection.php ( 1.92 KB )
D:\wamp64\www\PHP_Experience\vendor\php-ffmpeg\php-ffmpeg\src\FFMpeg\FFProbe\DataMapping\Stream.php ( 3.08 KB )
D:\wamp64\www\PHP_Experience\vendor\php-ffmpeg\php-ffmpeg\src\FFMpeg\FFProbe\DataMapping\AbstractData.php ( 1.72 KB )
D:\wamp64\www\PHP_Experience\vendor\php-ffmpeg\php-ffmpeg\src\FFMpeg\Media\Video.php ( 6.23 KB )
D:\wamp64\www\PHP_Experience\vendor\php-ffmpeg\php-ffmpeg\src\FFMpeg\Media\Audio.php ( 3.23 KB )
D:\wamp64\www\PHP_Experience\vendor\php-ffmpeg\php-ffmpeg\src\FFMpeg\Media\AbstractStreamableMedia.php ( 0.79 KB )
D:\wamp64\www\PHP_Experience\vendor\php-ffmpeg\php-ffmpeg\src\FFMpeg\Media\AbstractMediaType.php ( 2.17 KB )
D:\wamp64\www\PHP_Experience\vendor\php-ffmpeg\php-ffmpeg\src\FFMpeg\Media\MediaTypeInterface.php ( 0.42 KB )
D:\wamp64\www\PHP_Experience\vendor\php-ffmpeg\php-ffmpeg\src\FFMpeg\Filters\FiltersCollection.php ( 1.28 KB )
D:\wamp64\www\PHP_Experience\vendor\php-ffmpeg\php-ffmpeg\src\FFMpeg\Coordinate\TimeCode.php ( 2.61 KB )
D:\wamp64\www\PHP_Experience\vendor\php-ffmpeg\php-ffmpeg\src\FFMpeg\Media\Frame.php ( 3.21 KB )
D:\wamp64\www\PHP_Experience\ThinkPHP\Library\Behavior\ShowPageTraceBehavior.class.php ( 5.27 KB )

[ SQL ]


