[ 2016-07-03T09:20:49+08:00 ] 127.0.0.1 /ThinkPhpStudy/admin.php
INFO: [ app_init ] --START--
INFO: Run Behavior\BuildLiteBehavior [ RunTime:0.000000s ]
INFO: [ app_init ] --END-- [ RunTime:0.000000s ]
INFO: [ app_begin ] --START--
INFO: Run Behavior\ReadHtmlCacheBehavior [ RunTime:0.000000s ]
INFO: [ app_begin ] --END-- [ RunTime:0.000000s ]
INFO: [ view_parse ] --START--
INFO: [ template_filter ] --START--
INFO: Run Behavior\ContentReplaceBehavior [ RunTime:0.000000s ]
INFO: [ template_filter ] --END-- [ RunTime:0.000000s ]
INFO: Run Behavior\ParseTemplateBehavior [ RunTime:0.000000s ]
INFO: [ view_parse ] --END-- [ RunTime:0.000000s ]
INFO: [ view_filter ] --START--
INFO: Run Behavior\WriteHtmlCacheBehavior [ RunTime:0.000000s ]
INFO: [ view_filter ] --END-- [ RunTime:0.000000s ]
INFO: [ app_end ] --START--
INFO: Run Behavior\ShowPageTraceBehavior [ RunTime:0.000000s ]
INFO: [ app_end ] --END-- [ RunTime:0.000000s ]

[ 2016-07-03T09:25:27+08:00 ] 127.0.0.1 /ThinkPhpStudy/admin.php/Home/Index/index
INFO: [ app_init ] --START--
INFO: Run Behavior\BuildLiteBehavior [ RunTime:0.000000s ]
INFO: [ app_init ] --END-- [ RunTime:0.000000s ]
INFO: [ app_begin ] --START--
INFO: Run Behavior\ReadHtmlCacheBehavior [ RunTime:0.000000s ]
INFO: [ app_begin ] --END-- [ RunTime:0.000000s ]
INFO: [ view_parse ] --START--
INFO: Run Behavior\ParseTemplateBehavior [ RunTime:0.000000s ]
INFO: [ view_parse ] --END-- [ RunTime:0.000000s ]
INFO: [ view_filter ] --START--
INFO: Run Behavior\WriteHtmlCacheBehavior [ RunTime:0.000000s ]
INFO: [ view_filter ] --END-- [ RunTime:0.000000s ]
INFO: [ app_end ] --START--
INFO: Run Behavior\ShowPageTraceBehavior [ RunTime:0.000000s ]
INFO: [ app_end ] --END-- [ RunTime:0.000000s ]

[ 2016-07-03T09:25:34+08:00 ] 127.0.0.1 /ThinkPhpStudy/admin.php/Home/Redis/index
INFO: [ app_init ] --START--
INFO: Run Behavior\BuildLiteBehavior [ RunTime:0.000000s ]
INFO: [ app_init ] --END-- [ RunTime:0.000000s ]
INFO: [ app_begin ] --START--
INFO: Run Behavior\ReadHtmlCacheBehavior [ RunTime:0.000000s ]
INFO: [ app_begin ] --END-- [ RunTime:0.000000s ]
INFO: [ app_end ] --START--
INFO: Run Behavior\ShowPageTraceBehavior [ RunTime:0.000000s ]
INFO: [ app_end ] --END-- [ RunTime:0.000000s ]

[ 2016-07-03T09:30:17+08:00 ] 127.0.0.1 /ThinkPhpStudy/admin.php/Home/Redis/RedisTest
INFO: [ app_init ] --START--
INFO: Run Behavior\BuildLiteBehavior [ RunTime:0.000000s ]
INFO: [ app_init ] --END-- [ RunTime:0.000000s ]
INFO: [ app_begin ] --START--
INFO: Run Behavior\ReadHtmlCacheBehavior [ RunTime:0.000000s ]
INFO: [ app_begin ] --END-- [ RunTime:0.000000s ]
ERR: Redis server went away

[ 2016-07-03T09:31:07+08:00 ] 127.0.0.1 /ThinkPhpStudy/admin.php/Home/Redis/RedisTest
INFO: [ app_init ] --START--
INFO: Run Behavior\BuildLiteBehavior [ RunTime:0.000000s ]
INFO: [ app_init ] --END-- [ RunTime:0.000000s ]
INFO: [ app_begin ] --START--
INFO: Run Behavior\ReadHtmlCacheBehavior [ RunTime:0.000000s ]
INFO: [ app_begin ] --END-- [ RunTime:0.000000s ]
INFO: [ app_end ] --START--
INFO: Run Behavior\ShowPageTraceBehavior [ RunTime:0.000000s ]
INFO: [ app_end ] --END-- [ RunTime:0.000000s ]

[ 2016-07-03T09:31:58+08:00 ] 127.0.0.1 /ThinkPhpStudy/admin.php/Home/Redis/RedisTest
INFO: [ app_init ] --START--
INFO: Run Behavior\BuildLiteBehavior [ RunTime:0.000000s ]
INFO: [ app_init ] --END-- [ RunTime:0.000000s ]
INFO: [ app_begin ] --START--
INFO: Run Behavior\ReadHtmlCacheBehavior [ RunTime:0.000000s ]
INFO: [ app_begin ] --END-- [ RunTime:0.000000s ]
INFO: [ app_end ] --START--
INFO: Run Behavior\ShowPageTraceBehavior [ RunTime:0.000000s ]
INFO: [ app_end ] --END-- [ RunTime:0.000000s ]

[ 2016-07-03T09:34:44+08:00 ] 127.0.0.1 /ThinkPhpStudy/admin.php/Home/Redis/RedisTest
INFO: [ app_init ] --START--
INFO: Run Behavior\BuildLiteBehavior [ RunTime:0.000000s ]
INFO: [ app_init ] --END-- [ RunTime:0.000000s ]
INFO: [ app_begin ] --START--
INFO: Run Behavior\ReadHtmlCacheBehavior [ RunTime:0.000000s ]
INFO: [ app_begin ] --END-- [ RunTime:0.000000s ]
INFO: [ app_end ] --START--
INFO: Run Behavior\ShowPageTraceBehavior [ RunTime:0.000000s ]
INFO: [ app_end ] --END-- [ RunTime:0.000000s ]

[ 2016-07-03T09:34:45+08:00 ] 127.0.0.1 /ThinkPhpStudy/admin.php/Home/Redis/RedisTest
INFO: [ app_init ] --START--
INFO: Run Behavior\BuildLiteBehavior [ RunTime:0.000000s ]
INFO: [ app_init ] --END-- [ RunTime:0.000000s ]
INFO: [ app_begin ] --START--
INFO: Run Behavior\ReadHtmlCacheBehavior [ RunTime:0.000000s ]
INFO: [ app_begin ] --END-- [ RunTime:0.000000s ]
INFO: [ app_end ] --START--
INFO: Run Behavior\ShowPageTraceBehavior [ RunTime:0.000000s ]
INFO: [ app_end ] --END-- [ RunTime:0.000000s ]

[ 2016-07-03T09:34:46+08:00 ] 127.0.0.1 /ThinkPhpStudy/admin.php/Home/Redis/RedisTest
INFO: [ app_init ] --START--
INFO: Run Behavior\BuildLiteBehavior [ RunTime:0.000000s ]
INFO: [ app_init ] --END-- [ RunTime:0.000000s ]
INFO: [ app_begin ] --START--
INFO: Run Behavior\ReadHtmlCacheBehavior [ RunTime:0.000000s ]
INFO: [ app_begin ] --END-- [ RunTime:0.000000s ]
INFO: [ app_end ] --START--
INFO: Run Behavior\ShowPageTraceBehavior [ RunTime:0.000000s ]
INFO: [ app_end ] --END-- [ RunTime:0.000000s ]

[ 2016-07-03T09:34:47+08:00 ] 127.0.0.1 /ThinkPhpStudy/admin.php/Home/Redis/RedisTest
INFO: [ app_init ] --START--
INFO: Run Behavior\BuildLiteBehavior [ RunTime:0.000000s ]
INFO: [ app_init ] --END-- [ RunTime:0.000000s ]
INFO: [ app_begin ] --START--
INFO: Run Behavior\ReadHtmlCacheBehavior [ RunTime:0.001000s ]
INFO: [ app_begin ] --END-- [ RunTime:0.001000s ]
INFO: [ app_end ] --START--
INFO: Run Behavior\ShowPageTraceBehavior [ RunTime:0.000000s ]
INFO: [ app_end ] --END-- [ RunTime:0.000000s ]

[ 2016-07-03T09:34:47+08:00 ] 127.0.0.1 /ThinkPhpStudy/admin.php/Home/Redis/RedisTest
INFO: [ app_init ] --START--
INFO: Run Behavior\BuildLiteBehavior [ RunTime:0.001000s ]
INFO: [ app_init ] --END-- [ RunTime:0.001000s ]
INFO: [ app_begin ] --START--
INFO: Run Behavior\ReadHtmlCacheBehavior [ RunTime:0.000000s ]
INFO: [ app_begin ] --END-- [ RunTime:0.001000s ]
INFO: [ app_end ] --START--
INFO: Run Behavior\ShowPageTraceBehavior [ RunTime:0.000000s ]
INFO: [ app_end ] --END-- [ RunTime:0.000000s ]

[ 2016-07-03T09:34:47+08:00 ] 127.0.0.1 /ThinkPhpStudy/admin.php/Home/Redis/RedisTest
INFO: [ app_init ] --START--
INFO: Run Behavior\BuildLiteBehavior [ RunTime:0.000000s ]
INFO: [ app_init ] --END-- [ RunTime:0.001000s ]
INFO: [ app_begin ] --START--
INFO: Run Behavior\ReadHtmlCacheBehavior [ RunTime:0.001000s ]
INFO: [ app_begin ] --END-- [ RunTime:0.001000s ]
INFO: [ app_end ] --START--
INFO: Run Behavior\ShowPageTraceBehavior [ RunTime:0.000000s ]
INFO: [ app_end ] --END-- [ RunTime:0.000000s ]

[ 2016-07-03T09:58:58+08:00 ] 127.0.0.1 /ThinkPhpStudy/admin.php/Home/Redis/RedisTest
INFO: [ app_init ] --START--
INFO: Run Behavior\BuildLiteBehavior [ RunTime:0.000000s ]
INFO: [ app_init ] --END-- [ RunTime:0.000000s ]
INFO: [ app_begin ] --START--
INFO: Run Behavior\ReadHtmlCacheBehavior [ RunTime:0.000000s ]
INFO: [ app_begin ] --END-- [ RunTime:0.000000s ]
INFO: [ app_end ] --START--
INFO: Run Behavior\ShowPageTraceBehavior [ RunTime:0.001000s ]
INFO: [ app_end ] --END-- [ RunTime:0.001000s ]

[ 2016-07-03T09:58:58+08:00 ] 127.0.0.1 /ThinkPhpStudy/admin.php/Home/Redis/RedisTest
INFO: [ app_init ] --START--
INFO: Run Behavior\BuildLiteBehavior [ RunTime:0.000000s ]
INFO: [ app_init ] --END-- [ RunTime:0.000000s ]
INFO: [ app_begin ] --START--
INFO: Run Behavior\ReadHtmlCacheBehavior [ RunTime:0.001000s ]
INFO: [ app_begin ] --END-- [ RunTime:0.001000s ]
INFO: [ app_end ] --START--
INFO: Run Behavior\ShowPageTraceBehavior [ RunTime:0.001000s ]
INFO: [ app_end ] --END-- [ RunTime:0.001000s ]

[ 2016-07-03T09:59:07+08:00 ] 127.0.0.1 /ThinkPhpStudy/admin.php/Home/Redis/RedisTest
INFO: [ app_init ] --START--
INFO: Run Behavior\BuildLiteBehavior [ RunTime:0.000000s ]
INFO: [ app_init ] --END-- [ RunTime:0.000000s ]
INFO: [ app_begin ] --START--
INFO: Run Behavior\ReadHtmlCacheBehavior [ RunTime:0.000000s ]
INFO: [ app_begin ] --END-- [ RunTime:0.000000s ]
INFO: [ app_end ] --START--
INFO: Run Behavior\ShowPageTraceBehavior [ RunTime:0.001000s ]
INFO: [ app_end ] --END-- [ RunTime:0.001000s ]

[ 2016-07-03T10:38:53+08:00 ] 127.0.0.1 /ThinkPhpStudy/admin.php/Home/Redis/RedisTest
INFO: [ app_init ] --START--
INFO: Run Behavior\BuildLiteBehavior [ RunTime:0.000000s ]
INFO: [ app_init ] --END-- [ RunTime:0.001000s ]
INFO: [ app_begin ] --START--
INFO: Run Behavior\ReadHtmlCacheBehavior [ RunTime:0.000000s ]
INFO: [ app_begin ] --END-- [ RunTime:0.000000s ]
NOTIC: [4096] Object of class Redis could not be converted to string F:\wamp\www\ThinkPhpStudy\ThinkPHP\Library\Org\Util\Redis.class.php 第 62 行.
NOTIC: [8] Object of class Redis to string conversion F:\wamp\www\ThinkPhpStudy\ThinkPHP\Library\Org\Util\Redis.class.php 第 62 行.
NOTIC: [8] Undefined variable: Object F:\wamp\www\ThinkPhpStudy\ThinkPHP\Library\Org\Util\Redis.class.php 第 62 行.

[ 2016-07-03T10:38:56+08:00 ] 127.0.0.1 /ThinkPhpStudy/admin.php/Home/Redis/RedisTest
INFO: [ app_init ] --START--
INFO: Run Behavior\BuildLiteBehavior [ RunTime:0.000000s ]
INFO: [ app_init ] --END-- [ RunTime:0.000000s ]
INFO: [ app_begin ] --START--
INFO: Run Behavior\ReadHtmlCacheBehavior [ RunTime:0.010000s ]
INFO: [ app_begin ] --END-- [ RunTime:0.010000s ]
NOTIC: [4096] Object of class Redis could not be converted to string F:\wamp\www\ThinkPhpStudy\ThinkPHP\Library\Org\Util\Redis.class.php 第 62 行.
NOTIC: [8] Object of class Redis to string conversion F:\wamp\www\ThinkPhpStudy\ThinkPHP\Library\Org\Util\Redis.class.php 第 62 行.
NOTIC: [8] Undefined variable: Object F:\wamp\www\ThinkPhpStudy\ThinkPHP\Library\Org\Util\Redis.class.php 第 62 行.

[ 2016-07-03T10:39:36+08:00 ] 127.0.0.1 /ThinkPhpStudy/admin.php/Home/Redis/RedisTest
INFO: [ app_init ] --START--
INFO: Run Behavior\BuildLiteBehavior [ RunTime:0.000000s ]
INFO: [ app_init ] --END-- [ RunTime:0.002001s ]
INFO: [ app_begin ] --START--
INFO: Run Behavior\ReadHtmlCacheBehavior [ RunTime:0.000000s ]
INFO: [ app_begin ] --END-- [ RunTime:0.000000s ]
INFO: [ app_end ] --START--
INFO: Run Behavior\ShowPageTraceBehavior [ RunTime:0.000000s ]
INFO: [ app_end ] --END-- [ RunTime:0.002000s ]

[ 2016-07-03T10:39:43+08:00 ] 127.0.0.1 /ThinkPhpStudy/admin.php/Home/Redis/RedisTest
INFO: [ app_init ] --START--
INFO: Run Behavior\BuildLiteBehavior [ RunTime:0.000000s ]
INFO: [ app_init ] --END-- [ RunTime:0.001000s ]
INFO: [ app_begin ] --START--
INFO: Run Behavior\ReadHtmlCacheBehavior [ RunTime:0.000000s ]
INFO: [ app_begin ] --END-- [ RunTime:0.000000s ]
INFO: [ app_end ] --START--
INFO: Run Behavior\ShowPageTraceBehavior [ RunTime:0.000000s ]
INFO: [ app_end ] --END-- [ RunTime:0.000000s ]

[ 2016-07-03T10:41:25+08:00 ] 127.0.0.1 /ThinkPhpStudy/admin.php/Home/Redis/RedisTest
INFO: [ app_init ] --START--
INFO: Run Behavior\BuildLiteBehavior [ RunTime:0.000000s ]
INFO: [ app_init ] --END-- [ RunTime:0.000000s ]
INFO: [ app_begin ] --START--
INFO: Run Behavior\ReadHtmlCacheBehavior [ RunTime:0.000000s ]
INFO: [ app_begin ] --END-- [ RunTime:0.001000s ]
INFO: [ app_end ] --START--
INFO: Run Behavior\ShowPageTraceBehavior [ RunTime:0.000000s ]
INFO: [ app_end ] --END-- [ RunTime:0.000000s ]

[ 2016-07-03T10:47:40+08:00 ] 127.0.0.1 /ThinkPhpStudy/admin.php/Home/Redis/RedisTest
INFO: [ app_init ] --START--
INFO: Run Behavior\BuildLiteBehavior [ RunTime:0.000000s ]
INFO: [ app_init ] --END-- [ RunTime:0.000000s ]
INFO: [ app_begin ] --START--
INFO: Run Behavior\ReadHtmlCacheBehavior [ RunTime:0.000000s ]
INFO: [ app_begin ] --END-- [ RunTime:0.000000s ]
INFO: [ app_end ] --START--
INFO: Run Behavior\ShowPageTraceBehavior [ RunTime:0.000000s ]
INFO: [ app_end ] --END-- [ RunTime:0.010000s ]

[ 2016-07-03T10:48:18+08:00 ] 127.0.0.1 /ThinkPhpStudy/admin.php/Home/Redis/RedisTest
INFO: [ app_init ] --START--
INFO: Run Behavior\BuildLiteBehavior [ RunTime:0.000000s ]
INFO: [ app_init ] --END-- [ RunTime:0.000000s ]
INFO: [ app_begin ] --START--
INFO: Run Behavior\ReadHtmlCacheBehavior [ RunTime:0.000000s ]
INFO: [ app_begin ] --END-- [ RunTime:0.000000s ]
NOTIC: [8] Undefined index: master F:\wamp\www\ThinkPhpStudy\ThinkPHP\Library\Org\Util\Redis.class.php 第 52 行.
NOTIC: [2] Invalid argument supplied for foreach() F:\wamp\www\ThinkPhpStudy\ThinkPHP\Library\Org\Util\Redis.class.php 第 52 行.
INFO: [ app_end ] --START--
INFO: Run Behavior\ShowPageTraceBehavior [ RunTime:0.001000s ]
INFO: [ app_end ] --END-- [ RunTime:0.001000s ]

[ 2016-07-03T10:48:42+08:00 ] 127.0.0.1 /ThinkPhpStudy/admin.php/Home/Redis/RedisTest
INFO: [ app_init ] --START--
INFO: Run Behavior\BuildLiteBehavior [ RunTime:0.000000s ]
INFO: [ app_init ] --END-- [ RunTime:0.000000s ]
INFO: [ app_begin ] --START--
INFO: Run Behavior\ReadHtmlCacheBehavior [ RunTime:0.000000s ]
INFO: [ app_begin ] --END-- [ RunTime:0.000000s ]
NOTIC: [8] Undefined index: master F:\wamp\www\ThinkPhpStudy\ThinkPHP\Library\Org\Util\Redis.class.php 第 52 行.
NOTIC: [2] Invalid argument supplied for foreach() F:\wamp\www\ThinkPhpStudy\ThinkPHP\Library\Org\Util\Redis.class.php 第 52 行.
INFO: [ app_end ] --START--
INFO: Run Behavior\ShowPageTraceBehavior [ RunTime:0.000000s ]
INFO: [ app_end ] --END-- [ RunTime:0.000000s ]

[ 2016-07-03T10:51:32+08:00 ] 127.0.0.1 /ThinkPhpStudy/admin.php/Home/Redis/RedisTest
INFO: [ app_init ] --START--
INFO: Run Behavior\BuildLiteBehavior [ RunTime:0.000000s ]
INFO: [ app_init ] --END-- [ RunTime:0.001000s ]
INFO: [ app_begin ] --START--
INFO: Run Behavior\ReadHtmlCacheBehavior [ RunTime:0.000000s ]
INFO: [ app_begin ] --END-- [ RunTime:0.000000s ]
NOTIC: [8] Undefined index: master F:\wamp\www\ThinkPhpStudy\ThinkPHP\Library\Org\Util\Redis.class.php 第 52 行.
NOTIC: [2] Invalid argument supplied for foreach() F:\wamp\www\ThinkPhpStudy\ThinkPHP\Library\Org\Util\Redis.class.php 第 52 行.
INFO: [ app_end ] --START--
INFO: Run Behavior\ShowPageTraceBehavior [ RunTime:0.001000s ]
INFO: [ app_end ] --END-- [ RunTime:0.001000s ]

[ 2016-07-03T10:51:36+08:00 ] 127.0.0.1 /ThinkPhpStudy/admin.php/Home/Redis/RedisTest
INFO: [ app_init ] --START--
INFO: Run Behavior\BuildLiteBehavior [ RunTime:0.000000s ]
INFO: [ app_init ] --END-- [ RunTime:0.000000s ]
INFO: [ app_begin ] --START--
INFO: Run Behavior\ReadHtmlCacheBehavior [ RunTime:0.001000s ]
INFO: [ app_begin ] --END-- [ RunTime:0.001000s ]
NOTIC: [8] Undefined index: master F:\wamp\www\ThinkPhpStudy\ThinkPHP\Library\Org\Util\Redis.class.php 第 52 行.
NOTIC: [2] Invalid argument supplied for foreach() F:\wamp\www\ThinkPhpStudy\ThinkPHP\Library\Org\Util\Redis.class.php 第 52 行.
INFO: [ app_end ] --START--
INFO: Run Behavior\ShowPageTraceBehavior [ RunTime:0.001000s ]
INFO: [ app_end ] --END-- [ RunTime:0.001000s ]

[ 2016-07-03T10:52:00+08:00 ] 127.0.0.1 /ThinkPhpStudy/admin.php/Home/Redis/RedisTest
INFO: [ app_init ] --START--
INFO: Run Behavior\BuildLiteBehavior [ RunTime:0.000000s ]
INFO: [ app_init ] --END-- [ RunTime:0.001000s ]
INFO: [ app_begin ] --START--
INFO: Run Behavior\ReadHtmlCacheBehavior [ RunTime:0.000000s ]
INFO: [ app_begin ] --END-- [ RunTime:0.000000s ]
NOTIC: [8] Undefined index: master F:\wamp\www\ThinkPhpStudy\ThinkPHP\Library\Org\Util\Redis.class.php 第 52 行.
NOTIC: [2] Invalid argument supplied for foreach() F:\wamp\www\ThinkPhpStudy\ThinkPHP\Library\Org\Util\Redis.class.php 第 52 行.
INFO: [ app_end ] --START--
INFO: Run Behavior\ShowPageTraceBehavior [ RunTime:0.001000s ]
INFO: [ app_end ] --END-- [ RunTime:0.001000s ]

[ 2016-07-03T11:03:18+08:00 ] 127.0.0.1 /ThinkPhpStudy/admin.php/Home/Redis/RedisTest
INFO: [ app_init ] --START--
INFO: Run Behavior\BuildLiteBehavior [ RunTime:0.000000s ]
INFO: [ app_init ] --END-- [ RunTime:0.001000s ]
INFO: [ app_begin ] --START--
INFO: Run Behavior\ReadHtmlCacheBehavior [ RunTime:0.001000s ]
INFO: [ app_begin ] --END-- [ RunTime:0.001000s ]
NOTIC: [8] Undefined index: master F:\wamp\www\ThinkPhpStudy\ThinkPHP\Library\Org\Util\Redis.class.php 第 52 行.
NOTIC: [2] Invalid argument supplied for foreach() F:\wamp\www\ThinkPhpStudy\ThinkPHP\Library\Org\Util\Redis.class.php 第 52 行.
INFO: [ app_end ] --START--
INFO: Run Behavior\ShowPageTraceBehavior [ RunTime:0.001000s ]
INFO: [ app_end ] --END-- [ RunTime:0.001000s ]

[ 2016-07-03T11:04:19+08:00 ] 127.0.0.1 /ThinkPhpStudy/admin.php/Home/Redis/RedisTest
INFO: [ app_init ] --START--
INFO: Run Behavior\BuildLiteBehavior [ RunTime:0.000000s ]
INFO: [ app_init ] --END-- [ RunTime:0.000000s ]
INFO: [ app_begin ] --START--
INFO: Run Behavior\ReadHtmlCacheBehavior [ RunTime:0.001000s ]
INFO: [ app_begin ] --END-- [ RunTime:0.001000s ]
NOTIC: [8] Undefined index: master F:\wamp\www\ThinkPhpStudy\ThinkPHP\Library\Org\Util\Redis.class.php 第 52 行.
NOTIC: [2] Invalid argument supplied for foreach() F:\wamp\www\ThinkPhpStudy\ThinkPHP\Library\Org\Util\Redis.class.php 第 52 行.
INFO: [ app_end ] --START--
INFO: Run Behavior\ShowPageTraceBehavior [ RunTime:0.001000s ]
INFO: [ app_end ] --END-- [ RunTime:0.001000s ]

[ 2016-07-03T11:04:24+08:00 ] 127.0.0.1 /ThinkPhpStudy/admin.php/Home/Redis/RedisTest
INFO: [ app_init ] --START--
INFO: Run Behavior\BuildLiteBehavior [ RunTime:0.000000s ]
INFO: [ app_init ] --END-- [ RunTime:0.001000s ]
INFO: [ app_begin ] --START--
INFO: Run Behavior\ReadHtmlCacheBehavior [ RunTime:0.000000s ]
INFO: [ app_begin ] --END-- [ RunTime:0.001000s ]
NOTIC: [8] Undefined index: master F:\wamp\www\ThinkPhpStudy\ThinkPHP\Library\Org\Util\Redis.class.php 第 52 行.
NOTIC: [2] Invalid argument supplied for foreach() F:\wamp\www\ThinkPhpStudy\ThinkPHP\Library\Org\Util\Redis.class.php 第 52 行.
INFO: [ app_end ] --START--
INFO: Run Behavior\ShowPageTraceBehavior [ RunTime:0.000000s ]
INFO: [ app_end ] --END-- [ RunTime:0.001000s ]

[ 2016-07-03T11:05:07+08:00 ] 127.0.0.1 /ThinkPhpStudy/admin.php/Home/Redis/RedisTest
INFO: [ app_init ] --START--
INFO: Run Behavior\BuildLiteBehavior [ RunTime:0.000000s ]
INFO: [ app_init ] --END-- [ RunTime:0.001000s ]
INFO: [ app_begin ] --START--
INFO: Run Behavior\ReadHtmlCacheBehavior [ RunTime:0.000000s ]
INFO: [ app_begin ] --END-- [ RunTime:0.001000s ]
NOTIC: [8] Undefined index: master F:\wamp\www\ThinkPhpStudy\ThinkPHP\Library\Org\Util\Redis.class.php 第 52 行.
NOTIC: [2] Invalid argument supplied for foreach() F:\wamp\www\ThinkPhpStudy\ThinkPHP\Library\Org\Util\Redis.class.php 第 52 行.
INFO: [ app_end ] --START--
INFO: Run Behavior\ShowPageTraceBehavior [ RunTime:0.000000s ]
INFO: [ app_end ] --END-- [ RunTime:0.000000s ]

[ 2016-07-03T11:05:24+08:00 ] 127.0.0.1 /ThinkPhpStudy/admin.php/Home/Redis/RedisTest
INFO: [ app_init ] --START--
INFO: Run Behavior\BuildLiteBehavior [ RunTime:0.000000s ]
INFO: [ app_init ] --END-- [ RunTime:0.001000s ]
INFO: [ app_begin ] --START--
INFO: Run Behavior\ReadHtmlCacheBehavior [ RunTime:0.001000s ]
INFO: [ app_begin ] --END-- [ RunTime:0.001000s ]
NOTIC: [8] Undefined index: master F:\wamp\www\ThinkPhpStudy\ThinkPHP\Library\Org\Util\Redis.class.php 第 52 行.
NOTIC: [2] Invalid argument supplied for foreach() F:\wamp\www\ThinkPhpStudy\ThinkPHP\Library\Org\Util\Redis.class.php 第 52 行.
INFO: [ app_end ] --START--
INFO: Run Behavior\ShowPageTraceBehavior [ RunTime:0.001000s ]
INFO: [ app_end ] --END-- [ RunTime:0.001000s ]

[ 2016-07-03T11:05:27+08:00 ] 127.0.0.1 /ThinkPhpStudy/admin.php/Home/Redis/RedisTest
INFO: [ app_init ] --START--
INFO: Run Behavior\BuildLiteBehavior [ RunTime:0.000000s ]
INFO: [ app_init ] --END-- [ RunTime:0.001000s ]
INFO: [ app_begin ] --START--
INFO: Run Behavior\ReadHtmlCacheBehavior [ RunTime:0.000000s ]
INFO: [ app_begin ] --END-- [ RunTime:0.000000s ]
NOTIC: [8] Undefined index: master F:\wamp\www\ThinkPhpStudy\ThinkPHP\Library\Org\Util\Redis.class.php 第 52 行.
NOTIC: [2] Invalid argument supplied for foreach() F:\wamp\www\ThinkPhpStudy\ThinkPHP\Library\Org\Util\Redis.class.php 第 52 行.
INFO: [ app_end ] --START--
INFO: Run Behavior\ShowPageTraceBehavior [ RunTime:0.001000s ]
INFO: [ app_end ] --END-- [ RunTime:0.001000s ]

[ 2016-07-03T11:06:31+08:00 ] 127.0.0.1 /ThinkPhpStudy/admin.php/Home/Redis/RedisTest
INFO: [ app_init ] --START--
INFO: Run Behavior\BuildLiteBehavior [ RunTime:0.000000s ]
INFO: [ app_init ] --END-- [ RunTime:0.002000s ]
INFO: [ app_begin ] --START--
INFO: Run Behavior\ReadHtmlCacheBehavior [ RunTime:0.000000s ]
INFO: [ app_begin ] --END-- [ RunTime:0.000000s ]
NOTIC: [8] Undefined index: master F:\wamp\www\ThinkPhpStudy\ThinkPHP\Library\Org\Util\Redis.class.php 第 52 行.
NOTIC: [2] Invalid argument supplied for foreach() F:\wamp\www\ThinkPhpStudy\ThinkPHP\Library\Org\Util\Redis.class.php 第 52 行.
INFO: [ app_end ] --START--
INFO: Run Behavior\ShowPageTraceBehavior [ RunTime:0.000000s ]
INFO: [ app_end ] --END-- [ RunTime:0.001000s ]

[ 2016-07-03T11:08:20+08:00 ] 127.0.0.1 /ThinkPhpStudy/admin.php/Home/Redis/RedisTest
INFO: [ app_init ] --START--
INFO: Run Behavior\BuildLiteBehavior [ RunTime:0.000000s ]
INFO: [ app_init ] --END-- [ RunTime:0.001001s ]
INFO: [ app_begin ] --START--
INFO: Run Behavior\ReadHtmlCacheBehavior [ RunTime:0.000000s ]
INFO: [ app_begin ] --END-- [ RunTime:0.001000s ]
NOTIC: [8] Undefined index: master F:\wamp\www\ThinkPhpStudy\ThinkPHP\Library\Org\Util\Redis.class.php 第 52 行.
NOTIC: [2] Invalid argument supplied for foreach() F:\wamp\www\ThinkPhpStudy\ThinkPHP\Library\Org\Util\Redis.class.php 第 52 行.
NOTIC: [8] Undefined index: master F:\wamp\www\ThinkPhpStudy\ThinkPHP\Library\Org\Util\Redis.class.php 第 108 行.
NOTIC: [2] Invalid argument supplied for foreach() F:\wamp\www\ThinkPhpStudy\ThinkPHP\Library\Org\Util\Redis.class.php 第 108 行.
INFO: [ app_end ] --START--
INFO: Run Behavior\ShowPageTraceBehavior [ RunTime:0.001000s ]
INFO: [ app_end ] --END-- [ RunTime:0.001000s ]

[ 2016-07-03T11:08:24+08:00 ] 127.0.0.1 /ThinkPhpStudy/admin.php/Home/Redis/RedisTest
INFO: [ app_init ] --START--
INFO: Run Behavior\BuildLiteBehavior [ RunTime:0.000000s ]
INFO: [ app_init ] --END-- [ RunTime:0.000000s ]
INFO: [ app_begin ] --START--
INFO: Run Behavior\ReadHtmlCacheBehavior [ RunTime:0.001000s ]
INFO: [ app_begin ] --END-- [ RunTime:0.001000s ]
NOTIC: [8] Undefined index: master F:\wamp\www\ThinkPhpStudy\ThinkPHP\Library\Org\Util\Redis.class.php 第 52 行.
NOTIC: [2] Invalid argument supplied for foreach() F:\wamp\www\ThinkPhpStudy\ThinkPHP\Library\Org\Util\Redis.class.php 第 52 行.
NOTIC: [8] Undefined index: master F:\wamp\www\ThinkPhpStudy\ThinkPHP\Library\Org\Util\Redis.class.php 第 108 行.
NOTIC: [2] Invalid argument supplied for foreach() F:\wamp\www\ThinkPhpStudy\ThinkPHP\Library\Org\Util\Redis.class.php 第 108 行.
INFO: [ app_end ] --START--
INFO: Run Behavior\ShowPageTraceBehavior [ RunTime:0.001000s ]
INFO: [ app_end ] --END-- [ RunTime:0.001000s ]

[ 2016-07-03T11:08:45+08:00 ] 127.0.0.1 /ThinkPhpStudy/admin.php/Home/Redis/RedisTest
INFO: [ app_init ] --START--
INFO: Run Behavior\BuildLiteBehavior [ RunTime:0.000000s ]
INFO: [ app_init ] --END-- [ RunTime:0.001000s ]
INFO: [ app_begin ] --START--
INFO: Run Behavior\ReadHtmlCacheBehavior [ RunTime:0.001000s ]
INFO: [ app_begin ] --END-- [ RunTime:0.001000s ]
NOTIC: [8] Undefined index: master F:\wamp\www\ThinkPhpStudy\ThinkPHP\Library\Org\Util\Redis.class.php 第 52 行.
NOTIC: [2] Invalid argument supplied for foreach() F:\wamp\www\ThinkPhpStudy\ThinkPHP\Library\Org\Util\Redis.class.php 第 52 行.
NOTIC: [8] Undefined index: master F:\wamp\www\ThinkPhpStudy\ThinkPHP\Library\Org\Util\Redis.class.php 第 108 行.
NOTIC: [2] Invalid argument supplied for foreach() F:\wamp\www\ThinkPhpStudy\ThinkPHP\Library\Org\Util\Redis.class.php 第 108 行.
INFO: [ app_end ] --START--
INFO: Run Behavior\ShowPageTraceBehavior [ RunTime:0.001000s ]
INFO: [ app_end ] --END-- [ RunTime:0.001000s ]

[ 2016-07-03T11:08:48+08:00 ] 127.0.0.1 /ThinkPhpStudy/admin.php/Home/Redis/RedisTest
INFO: [ app_init ] --START--
INFO: Run Behavior\BuildLiteBehavior [ RunTime:0.000000s ]
INFO: [ app_init ] --END-- [ RunTime:0.001000s ]
INFO: [ app_begin ] --START--
INFO: Run Behavior\ReadHtmlCacheBehavior [ RunTime:0.001000s ]
INFO: [ app_begin ] --END-- [ RunTime:0.001000s ]
NOTIC: [8] Undefined index: master F:\wamp\www\ThinkPhpStudy\ThinkPHP\Library\Org\Util\Redis.class.php 第 52 行.
NOTIC: [2] Invalid argument supplied for foreach() F:\wamp\www\ThinkPhpStudy\ThinkPHP\Library\Org\Util\Redis.class.php 第 52 行.
NOTIC: [8] Undefined index: master F:\wamp\www\ThinkPhpStudy\ThinkPHP\Library\Org\Util\Redis.class.php 第 108 行.
NOTIC: [2] Invalid argument supplied for foreach() F:\wamp\www\ThinkPhpStudy\ThinkPHP\Library\Org\Util\Redis.class.php 第 108 行.
INFO: [ app_end ] --START--
INFO: Run Behavior\ShowPageTraceBehavior [ RunTime:0.000000s ]
INFO: [ app_end ] --END-- [ RunTime:0.000000s ]

[ 2016-07-03T11:09:31+08:00 ] 127.0.0.1 /ThinkPhpStudy/admin.php/Home/Redis/RedisTest
INFO: [ app_init ] --START--
INFO: Run Behavior\BuildLiteBehavior [ RunTime:0.000000s ]
INFO: [ app_init ] --END-- [ RunTime:0.000000s ]
INFO: [ app_begin ] --START--
INFO: Run Behavior\ReadHtmlCacheBehavior [ RunTime:0.001000s ]
INFO: [ app_begin ] --END-- [ RunTime:0.001000s ]
NOTIC: [8] Undefined index: master F:\wamp\www\ThinkPhpStudy\ThinkPHP\Library\Org\Util\Redis.class.php 第 52 行.
NOTIC: [2] Invalid argument supplied for foreach() F:\wamp\www\ThinkPhpStudy\ThinkPHP\Library\Org\Util\Redis.class.php 第 52 行.
NOTIC: [8] Undefined index: master F:\wamp\www\ThinkPhpStudy\ThinkPHP\Library\Org\Util\Redis.class.php 第 108 行.
NOTIC: [2] Invalid argument supplied for foreach() F:\wamp\www\ThinkPhpStudy\ThinkPHP\Library\Org\Util\Redis.class.php 第 108 行.
NOTIC: [8] Undefined index: slave F:\wamp\www\ThinkPhpStudy\ThinkPHP\Library\Org\Util\Redis.class.php 第 78 行.
NOTIC: [8] Undefined index: slave F:\wamp\www\ThinkPhpStudy\ThinkPHP\Library\Org\Util\Redis.class.php 第 79 行.

[ 2016-07-03T11:09:52+08:00 ] 127.0.0.1 /ThinkPhpStudy/admin.php/Home/Redis/RedisTest
INFO: [ app_init ] --START--
INFO: Run Behavior\BuildLiteBehavior [ RunTime:0.000000s ]
INFO: [ app_init ] --END-- [ RunTime:0.000000s ]
INFO: [ app_begin ] --START--
INFO: Run Behavior\ReadHtmlCacheBehavior [ RunTime:0.001000s ]
INFO: [ app_begin ] --END-- [ RunTime:0.001000s ]
NOTIC: [8] Undefined index: slave F:\wamp\www\ThinkPhpStudy\ThinkPHP\Library\Org\Util\Redis.class.php 第 78 行.
NOTIC: [8] Undefined index: slave F:\wamp\www\ThinkPhpStudy\ThinkPHP\Library\Org\Util\Redis.class.php 第 79 行.

[ 2016-07-03T11:09:58+08:00 ] 127.0.0.1 /ThinkPhpStudy/admin.php/Home/Redis/RedisTest
INFO: [ app_init ] --START--
INFO: Run Behavior\BuildLiteBehavior [ RunTime:0.000000s ]
INFO: [ app_init ] --END-- [ RunTime:0.000000s ]
INFO: [ app_begin ] --START--
INFO: Run Behavior\ReadHtmlCacheBehavior [ RunTime:0.001000s ]
INFO: [ app_begin ] --END-- [ RunTime:0.001000s ]
NOTIC: [8] Undefined index: slave F:\wamp\www\ThinkPhpStudy\ThinkPHP\Library\Org\Util\Redis.class.php 第 78 行.
NOTIC: [8] Undefined index: slave F:\wamp\www\ThinkPhpStudy\ThinkPHP\Library\Org\Util\Redis.class.php 第 79 行.

[ 2016-07-03T11:11:29+08:00 ] 127.0.0.1 /ThinkPhpStudy/admin.php/Home/Redis/RedisTest
INFO: [ app_init ] --START--
INFO: Run Behavior\BuildLiteBehavior [ RunTime:0.000000s ]
INFO: [ app_init ] --END-- [ RunTime:0.001000s ]
INFO: [ app_begin ] --START--
INFO: Run Behavior\ReadHtmlCacheBehavior [ RunTime:0.000000s ]
INFO: [ app_begin ] --END-- [ RunTime:0.001000s ]
NOTIC: [8] Undefined index: master F:\wamp\www\ThinkPhpStudy\ThinkPHP\Library\Org\Util\Redis.class.php 第 52 行.
NOTIC: [2] Invalid argument supplied for foreach() F:\wamp\www\ThinkPhpStudy\ThinkPHP\Library\Org\Util\Redis.class.php 第 52 行.
NOTIC: [8] Undefined index: slave F:\wamp\www\ThinkPhpStudy\ThinkPHP\Library\Org\Util\Redis.class.php 第 78 行.
NOTIC: [8] Undefined index: slave F:\wamp\www\ThinkPhpStudy\ThinkPHP\Library\Org\Util\Redis.class.php 第 79 行.

[ 2016-07-03T11:11:30+08:00 ] 127.0.0.1 /ThinkPhpStudy/admin.php/Home/Redis/RedisTest
INFO: [ app_init ] --START--
INFO: Run Behavior\BuildLiteBehavior [ RunTime:0.000000s ]
INFO: [ app_init ] --END-- [ RunTime:0.000000s ]
INFO: [ app_begin ] --START--
INFO: Run Behavior\ReadHtmlCacheBehavior [ RunTime:0.001000s ]
INFO: [ app_begin ] --END-- [ RunTime:0.001000s ]
NOTIC: [8] Undefined index: master F:\wamp\www\ThinkPhpStudy\ThinkPHP\Library\Org\Util\Redis.class.php 第 52 行.
NOTIC: [2] Invalid argument supplied for foreach() F:\wamp\www\ThinkPhpStudy\ThinkPHP\Library\Org\Util\Redis.class.php 第 52 行.
NOTIC: [8] Undefined index: slave F:\wamp\www\ThinkPhpStudy\ThinkPHP\Library\Org\Util\Redis.class.php 第 78 行.
NOTIC: [8] Undefined index: slave F:\wamp\www\ThinkPhpStudy\ThinkPHP\Library\Org\Util\Redis.class.php 第 79 行.

[ 2016-07-03T11:11:31+08:00 ] 127.0.0.1 /ThinkPhpStudy/admin.php/Home/Redis/RedisTest
INFO: [ app_init ] --START--
INFO: Run Behavior\BuildLiteBehavior [ RunTime:0.000000s ]
INFO: [ app_init ] --END-- [ RunTime:0.000000s ]
INFO: [ app_begin ] --START--
INFO: Run Behavior\ReadHtmlCacheBehavior [ RunTime:0.001000s ]
INFO: [ app_begin ] --END-- [ RunTime:0.001000s ]
NOTIC: [8] Undefined index: master F:\wamp\www\ThinkPhpStudy\ThinkPHP\Library\Org\Util\Redis.class.php 第 52 行.
NOTIC: [2] Invalid argument supplied for foreach() F:\wamp\www\ThinkPhpStudy\ThinkPHP\Library\Org\Util\Redis.class.php 第 52 行.
NOTIC: [8] Undefined index: slave F:\wamp\www\ThinkPhpStudy\ThinkPHP\Library\Org\Util\Redis.class.php 第 78 行.
NOTIC: [8] Undefined index: slave F:\wamp\www\ThinkPhpStudy\ThinkPHP\Library\Org\Util\Redis.class.php 第 79 行.

[ 2016-07-03T11:11:31+08:00 ] 127.0.0.1 /ThinkPhpStudy/admin.php/Home/Redis/RedisTest
INFO: [ app_init ] --START--
INFO: Run Behavior\BuildLiteBehavior [ RunTime:0.000000s ]
INFO: [ app_init ] --END-- [ RunTime:0.000000s ]
INFO: [ app_begin ] --START--
INFO: Run Behavior\ReadHtmlCacheBehavior [ RunTime:0.000000s ]
INFO: [ app_begin ] --END-- [ RunTime:0.001000s ]
NOTIC: [8] Undefined index: master F:\wamp\www\ThinkPhpStudy\ThinkPHP\Library\Org\Util\Redis.class.php 第 52 行.
NOTIC: [2] Invalid argument supplied for foreach() F:\wamp\www\ThinkPhpStudy\ThinkPHP\Library\Org\Util\Redis.class.php 第 52 行.
NOTIC: [8] Undefined index: slave F:\wamp\www\ThinkPhpStudy\ThinkPHP\Library\Org\Util\Redis.class.php 第 78 行.
NOTIC: [8] Undefined index: slave F:\wamp\www\ThinkPhpStudy\ThinkPHP\Library\Org\Util\Redis.class.php 第 79 行.

[ 2016-07-03T11:11:31+08:00 ] 127.0.0.1 /ThinkPhpStudy/admin.php/Home/Redis/RedisTest
INFO: [ app_init ] --START--
INFO: Run Behavior\BuildLiteBehavior [ RunTime:0.000000s ]
INFO: [ app_init ] --END-- [ RunTime:0.000000s ]
INFO: [ app_begin ] --START--
INFO: Run Behavior\ReadHtmlCacheBehavior [ RunTime:0.001000s ]
INFO: [ app_begin ] --END-- [ RunTime:0.001000s ]
NOTIC: [8] Undefined index: master F:\wamp\www\ThinkPhpStudy\ThinkPHP\Library\Org\Util\Redis.class.php 第 52 行.
NOTIC: [2] Invalid argument supplied for foreach() F:\wamp\www\ThinkPhpStudy\ThinkPHP\Library\Org\Util\Redis.class.php 第 52 行.
NOTIC: [8] Undefined index: slave F:\wamp\www\ThinkPhpStudy\ThinkPHP\Library\Org\Util\Redis.class.php 第 78 行.
NOTIC: [8] Undefined index: slave F:\wamp\www\ThinkPhpStudy\ThinkPHP\Library\Org\Util\Redis.class.php 第 79 行.

[ 2016-07-03T11:11:32+08:00 ] 127.0.0.1 /ThinkPhpStudy/admin.php/Home/Redis/RedisTest
INFO: [ app_init ] --START--
INFO: Run Behavior\BuildLiteBehavior [ RunTime:0.000000s ]
INFO: [ app_init ] --END-- [ RunTime:0.001000s ]
INFO: [ app_begin ] --START--
INFO: Run Behavior\ReadHtmlCacheBehavior [ RunTime:0.001000s ]
INFO: [ app_begin ] --END-- [ RunTime:0.001000s ]
NOTIC: [8] Undefined index: master F:\wamp\www\ThinkPhpStudy\ThinkPHP\Library\Org\Util\Redis.class.php 第 52 行.
NOTIC: [2] Invalid argument supplied for foreach() F:\wamp\www\ThinkPhpStudy\ThinkPHP\Library\Org\Util\Redis.class.php 第 52 行.
NOTIC: [8] Undefined index: slave F:\wamp\www\ThinkPhpStudy\ThinkPHP\Library\Org\Util\Redis.class.php 第 78 行.
NOTIC: [8] Undefined index: slave F:\wamp\www\ThinkPhpStudy\ThinkPHP\Library\Org\Util\Redis.class.php 第 79 行.

[ 2016-07-03T11:11:32+08:00 ] 127.0.0.1 /ThinkPhpStudy/admin.php/Home/Redis/RedisTest
INFO: [ app_init ] --START--
INFO: Run Behavior\BuildLiteBehavior [ RunTime:0.000000s ]
INFO: [ app_init ] --END-- [ RunTime:0.000000s ]
INFO: [ app_begin ] --START--
INFO: Run Behavior\ReadHtmlCacheBehavior [ RunTime:0.000000s ]
INFO: [ app_begin ] --END-- [ RunTime:0.001001s ]
NOTIC: [8] Undefined index: master F:\wamp\www\ThinkPhpStudy\ThinkPHP\Library\Org\Util\Redis.class.php 第 52 行.
NOTIC: [2] Invalid argument supplied for foreach() F:\wamp\www\ThinkPhpStudy\ThinkPHP\Library\Org\Util\Redis.class.php 第 52 行.
NOTIC: [8] Undefined index: slave F:\wamp\www\ThinkPhpStudy\ThinkPHP\Library\Org\Util\Redis.class.php 第 78 行.
NOTIC: [8] Undefined index: slave F:\wamp\www\ThinkPhpStudy\ThinkPHP\Library\Org\Util\Redis.class.php 第 79 行.

[ 2016-07-03T11:11:40+08:00 ] 127.0.0.1 /ThinkPhpStudy/admin.php/Home/Redis/RedisTest
INFO: [ app_init ] --START--
INFO: Run Behavior\BuildLiteBehavior [ RunTime:0.000000s ]
INFO: [ app_init ] --END-- [ RunTime:0.001001s ]
INFO: [ app_begin ] --START--
INFO: Run Behavior\ReadHtmlCacheBehavior [ RunTime:0.001000s ]
INFO: [ app_begin ] --END-- [ RunTime:0.001000s ]
NOTIC: [8] Undefined index: master F:\wamp\www\ThinkPhpStudy\ThinkPHP\Library\Org\Util\Redis.class.php 第 52 行.
NOTIC: [2] Invalid argument supplied for foreach() F:\wamp\www\ThinkPhpStudy\ThinkPHP\Library\Org\Util\Redis.class.php 第 52 行.
NOTIC: [8] Undefined index: slave F:\wamp\www\ThinkPhpStudy\ThinkPHP\Library\Org\Util\Redis.class.php 第 78 行.
NOTIC: [8] Undefined index: slave F:\wamp\www\ThinkPhpStudy\ThinkPHP\Library\Org\Util\Redis.class.php 第 79 行.

[ 2016-07-03T11:11:40+08:00 ] 127.0.0.1 /ThinkPhpStudy/admin.php/Home/Redis/RedisTest
INFO: [ app_init ] --START--
INFO: Run Behavior\BuildLiteBehavior [ RunTime:0.000000s ]
INFO: [ app_init ] --END-- [ RunTime:0.001000s ]
INFO: [ app_begin ] --START--
INFO: Run Behavior\ReadHtmlCacheBehavior [ RunTime:0.001000s ]
INFO: [ app_begin ] --END-- [ RunTime:0.001000s ]
NOTIC: [8] Undefined index: master F:\wamp\www\ThinkPhpStudy\ThinkPHP\Library\Org\Util\Redis.class.php 第 52 行.
NOTIC: [2] Invalid argument supplied for foreach() F:\wamp\www\ThinkPhpStudy\ThinkPHP\Library\Org\Util\Redis.class.php 第 52 行.
NOTIC: [8] Undefined index: slave F:\wamp\www\ThinkPhpStudy\ThinkPHP\Library\Org\Util\Redis.class.php 第 78 行.
NOTIC: [8] Undefined index: slave F:\wamp\www\ThinkPhpStudy\ThinkPHP\Library\Org\Util\Redis.class.php 第 79 行.

[ 2016-07-03T11:11:41+08:00 ] 127.0.0.1 /ThinkPhpStudy/admin.php/Home/Redis/RedisTest
INFO: [ app_init ] --START--
INFO: Run Behavior\BuildLiteBehavior [ RunTime:0.000000s ]
INFO: [ app_init ] --END-- [ RunTime:0.000000s ]
INFO: [ app_begin ] --START--
INFO: Run Behavior\ReadHtmlCacheBehavior [ RunTime:0.001000s ]
INFO: [ app_begin ] --END-- [ RunTime:0.001000s ]
NOTIC: [8] Undefined index: master F:\wamp\www\ThinkPhpStudy\ThinkPHP\Library\Org\Util\Redis.class.php 第 52 行.
NOTIC: [2] Invalid argument supplied for foreach() F:\wamp\www\ThinkPhpStudy\ThinkPHP\Library\Org\Util\Redis.class.php 第 52 行.
NOTIC: [8] Undefined index: slave F:\wamp\www\ThinkPhpStudy\ThinkPHP\Library\Org\Util\Redis.class.php 第 78 行.
NOTIC: [8] Undefined index: slave F:\wamp\www\ThinkPhpStudy\ThinkPHP\Library\Org\Util\Redis.class.php 第 79 行.

[ 2016-07-03T11:11:42+08:00 ] 127.0.0.1 /ThinkPhpStudy/admin.php/Home/Redis/RedisTest
INFO: [ app_init ] --START--
INFO: Run Behavior\BuildLiteBehavior [ RunTime:0.000000s ]
INFO: [ app_init ] --END-- [ RunTime:0.001000s ]
INFO: [ app_begin ] --START--
INFO: Run Behavior\ReadHtmlCacheBehavior [ RunTime:0.001000s ]
INFO: [ app_begin ] --END-- [ RunTime:0.001000s ]
NOTIC: [8] Undefined index: master F:\wamp\www\ThinkPhpStudy\ThinkPHP\Library\Org\Util\Redis.class.php 第 52 行.
NOTIC: [2] Invalid argument supplied for foreach() F:\wamp\www\ThinkPhpStudy\ThinkPHP\Library\Org\Util\Redis.class.php 第 52 行.
NOTIC: [8] Undefined index: slave F:\wamp\www\ThinkPhpStudy\ThinkPHP\Library\Org\Util\Redis.class.php 第 78 行.
NOTIC: [8] Undefined index: slave F:\wamp\www\ThinkPhpStudy\ThinkPHP\Library\Org\Util\Redis.class.php 第 79 行.

[ 2016-07-03T11:11:42+08:00 ] 127.0.0.1 /ThinkPhpStudy/admin.php/Home/Redis/RedisTest
INFO: [ app_init ] --START--
INFO: Run Behavior\BuildLiteBehavior [ RunTime:0.000000s ]
INFO: [ app_init ] --END-- [ RunTime:0.000000s ]
INFO: [ app_begin ] --START--
INFO: Run Behavior\ReadHtmlCacheBehavior [ RunTime:0.000000s ]
INFO: [ app_begin ] --END-- [ RunTime:0.000000s ]
NOTIC: [8] Undefined index: master F:\wamp\www\ThinkPhpStudy\ThinkPHP\Library\Org\Util\Redis.class.php 第 52 行.
NOTIC: [2] Invalid argument supplied for foreach() F:\wamp\www\ThinkPhpStudy\ThinkPHP\Library\Org\Util\Redis.class.php 第 52 行.
NOTIC: [8] Undefined index: slave F:\wamp\www\ThinkPhpStudy\ThinkPHP\Library\Org\Util\Redis.class.php 第 78 行.
NOTIC: [8] Undefined index: slave F:\wamp\www\ThinkPhpStudy\ThinkPHP\Library\Org\Util\Redis.class.php 第 79 行.

[ 2016-07-03T11:11:43+08:00 ] 127.0.0.1 /ThinkPhpStudy/admin.php/Home/Redis/RedisTest
INFO: [ app_init ] --START--
INFO: Run Behavior\BuildLiteBehavior [ RunTime:0.000000s ]
INFO: [ app_init ] --END-- [ RunTime:0.000000s ]
INFO: [ app_begin ] --START--
INFO: Run Behavior\ReadHtmlCacheBehavior [ RunTime:0.001000s ]
INFO: [ app_begin ] --END-- [ RunTime:0.001000s ]
NOTIC: [8] Undefined index: master F:\wamp\www\ThinkPhpStudy\ThinkPHP\Library\Org\Util\Redis.class.php 第 52 行.
NOTIC: [2] Invalid argument supplied for foreach() F:\wamp\www\ThinkPhpStudy\ThinkPHP\Library\Org\Util\Redis.class.php 第 52 行.
NOTIC: [8] Undefined index: slave F:\wamp\www\ThinkPhpStudy\ThinkPHP\Library\Org\Util\Redis.class.php 第 78 行.
NOTIC: [8] Undefined index: slave F:\wamp\www\ThinkPhpStudy\ThinkPHP\Library\Org\Util\Redis.class.php 第 79 行.

[ 2016-07-03T11:11:43+08:00 ] 127.0.0.1 /ThinkPhpStudy/admin.php/Home/Redis/RedisTest
INFO: [ app_init ] --START--
INFO: Run Behavior\BuildLiteBehavior [ RunTime:0.000000s ]
INFO: [ app_init ] --END-- [ RunTime:0.000000s ]
INFO: [ app_begin ] --START--
INFO: Run Behavior\ReadHtmlCacheBehavior [ RunTime:0.000000s ]
INFO: [ app_begin ] --END-- [ RunTime:0.000000s ]
NOTIC: [8] Undefined index: master F:\wamp\www\ThinkPhpStudy\ThinkPHP\Library\Org\Util\Redis.class.php 第 52 行.
NOTIC: [2] Invalid argument supplied for foreach() F:\wamp\www\ThinkPhpStudy\ThinkPHP\Library\Org\Util\Redis.class.php 第 52 行.
NOTIC: [8] Undefined index: slave F:\wamp\www\ThinkPhpStudy\ThinkPHP\Library\Org\Util\Redis.class.php 第 78 行.
NOTIC: [8] Undefined index: slave F:\wamp\www\ThinkPhpStudy\ThinkPHP\Library\Org\Util\Redis.class.php 第 79 行.

[ 2016-07-03T11:12:09+08:00 ] 127.0.0.1 /ThinkPhpStudy/admin.php/Home/Redis/RedisTest
INFO: [ app_init ] --START--
INFO: Run Behavior\BuildLiteBehavior [ RunTime:0.000000s ]
INFO: [ app_init ] --END-- [ RunTime:0.001000s ]
INFO: [ app_begin ] --START--
INFO: Run Behavior\ReadHtmlCacheBehavior [ RunTime:0.000000s ]
INFO: [ app_begin ] --END-- [ RunTime:0.000000s ]
INFO: [ app_end ] --START--
INFO: Run Behavior\ShowPageTraceBehavior [ RunTime:0.001000s ]
INFO: [ app_end ] --END-- [ RunTime:0.002000s ]

[ 2016-07-03T11:12:12+08:00 ] 127.0.0.1 /ThinkPhpStudy/admin.php/Home/Redis/RedisTest
INFO: [ app_init ] --START--
INFO: Run Behavior\BuildLiteBehavior [ RunTime:0.000000s ]
INFO: [ app_init ] --END-- [ RunTime:0.001000s ]
INFO: [ app_begin ] --START--
INFO: Run Behavior\ReadHtmlCacheBehavior [ RunTime:0.000000s ]
INFO: [ app_begin ] --END-- [ RunTime:0.001000s ]
INFO: [ app_end ] --START--
INFO: Run Behavior\ShowPageTraceBehavior [ RunTime:0.002000s ]
INFO: [ app_end ] --END-- [ RunTime:0.002000s ]

[ 2016-07-03T11:12:38+08:00 ] 127.0.0.1 /ThinkPhpStudy/admin.php/Home/Redis/RedisTest
INFO: [ app_init ] --START--
INFO: Run Behavior\BuildLiteBehavior [ RunTime:0.000000s ]
INFO: [ app_init ] --END-- [ RunTime:0.000000s ]
INFO: [ app_begin ] --START--
INFO: Run Behavior\ReadHtmlCacheBehavior [ RunTime:0.000000s ]
INFO: [ app_begin ] --END-- [ RunTime:0.000000s ]
INFO: [ app_end ] --START--
INFO: Run Behavior\ShowPageTraceBehavior [ RunTime:0.000000s ]
INFO: [ app_end ] --END-- [ RunTime:0.000000s ]

[ 2016-07-03T11:12:58+08:00 ] 127.0.0.1 /ThinkPhpStudy/admin.php/Home/Redis/RedisTest
INFO: [ app_init ] --START--
INFO: Run Behavior\BuildLiteBehavior [ RunTime:0.000000s ]
INFO: [ app_init ] --END-- [ RunTime:0.000000s ]
INFO: [ app_begin ] --START--
INFO: Run Behavior\ReadHtmlCacheBehavior [ RunTime:0.001000s ]
INFO: [ app_begin ] --END-- [ RunTime:0.001000s ]
INFO: [ app_end ] --START--
INFO: Run Behavior\ShowPageTraceBehavior [ RunTime:0.001000s ]
INFO: [ app_end ] --END-- [ RunTime:0.001000s ]

[ 2016-07-03T11:13:01+08:00 ] 127.0.0.1 /ThinkPhpStudy/admin.php/Home/Redis/RedisTest
INFO: [ app_init ] --START--
INFO: Run Behavior\BuildLiteBehavior [ RunTime:0.000000s ]
INFO: [ app_init ] --END-- [ RunTime:0.000000s ]
INFO: [ app_begin ] --START--
INFO: Run Behavior\ReadHtmlCacheBehavior [ RunTime:0.000000s ]
INFO: [ app_begin ] --END-- [ RunTime:0.001000s ]
INFO: [ app_end ] --START--
INFO: Run Behavior\ShowPageTraceBehavior [ RunTime:0.000000s ]
INFO: [ app_end ] --END-- [ RunTime:0.000000s ]

[ 2016-07-03T11:18:16+08:00 ] 127.0.0.1 /ThinkPhpStudy/admin.php/Home/Redis/RedisTest
INFO: [ app_init ] --START--
INFO: Run Behavior\BuildLiteBehavior [ RunTime:0.000000s ]
INFO: [ app_init ] --END-- [ RunTime:0.000000s ]
INFO: [ app_begin ] --START--
INFO: Run Behavior\ReadHtmlCacheBehavior [ RunTime:0.000000s ]
INFO: [ app_begin ] --END-- [ RunTime:0.000000s ]
INFO: [ app_end ] --START--
INFO: Run Behavior\ShowPageTraceBehavior [ RunTime:0.001000s ]
INFO: [ app_end ] --END-- [ RunTime:0.001000s ]

[ 2016-07-03T11:18:17+08:00 ] 127.0.0.1 /ThinkPhpStudy/admin.php/Home/Redis/RedisTest
INFO: [ app_init ] --START--
INFO: Run Behavior\BuildLiteBehavior [ RunTime:0.000000s ]
INFO: [ app_init ] --END-- [ RunTime:0.000000s ]
INFO: [ app_begin ] --START--
INFO: Run Behavior\ReadHtmlCacheBehavior [ RunTime:0.000000s ]
INFO: [ app_begin ] --END-- [ RunTime:0.000000s ]
INFO: [ app_end ] --START--
INFO: Run Behavior\ShowPageTraceBehavior [ RunTime:0.000000s ]
INFO: [ app_end ] --END-- [ RunTime:0.002001s ]

[ 2016-07-03T11:18:18+08:00 ] 127.0.0.1 /ThinkPhpStudy/admin.php/Home/Redis/RedisTest
INFO: [ app_init ] --START--
INFO: Run Behavior\BuildLiteBehavior [ RunTime:0.000000s ]
INFO: [ app_init ] --END-- [ RunTime:0.000000s ]
INFO: [ app_begin ] --START--
INFO: Run Behavior\ReadHtmlCacheBehavior [ RunTime:0.001000s ]
INFO: [ app_begin ] --END-- [ RunTime:0.001000s ]
INFO: [ app_end ] --START--
INFO: Run Behavior\ShowPageTraceBehavior [ RunTime:0.001000s ]
INFO: [ app_end ] --END-- [ RunTime:0.001000s ]

[ 2016-07-03T11:18:18+08:00 ] 127.0.0.1 /ThinkPhpStudy/admin.php/Home/Redis/RedisTest
INFO: [ app_init ] --START--
INFO: Run Behavior\BuildLiteBehavior [ RunTime:0.000000s ]
INFO: [ app_init ] --END-- [ RunTime:0.000000s ]
INFO: [ app_begin ] --START--
INFO: Run Behavior\ReadHtmlCacheBehavior [ RunTime:0.000000s ]
INFO: [ app_begin ] --END-- [ RunTime:0.000000s ]
INFO: [ app_end ] --START--
INFO: Run Behavior\ShowPageTraceBehavior [ RunTime:0.002000s ]
INFO: [ app_end ] --END-- [ RunTime:0.002000s ]

[ 2016-07-03T11:18:25+08:00 ] 127.0.0.1 /ThinkPhpStudy/admin.php/Home/Redis/RedisTest
INFO: [ app_init ] --START--
INFO: Run Behavior\BuildLiteBehavior [ RunTime:0.000000s ]
INFO: [ app_init ] --END-- [ RunTime:0.000000s ]
INFO: [ app_begin ] --START--
INFO: Run Behavior\ReadHtmlCacheBehavior [ RunTime:0.001000s ]
INFO: [ app_begin ] --END-- [ RunTime:0.001000s ]
INFO: [ app_end ] --START--
INFO: Run Behavior\ShowPageTraceBehavior [ RunTime:0.000000s ]
INFO: [ app_end ] --END-- [ RunTime:0.001000s ]

[ 2016-07-03T11:20:26+08:00 ] 127.0.0.1 /ThinkPhpStudy/admin.php/Home/Redis/RedisTest
INFO: [ app_init ] --START--
INFO: Run Behavior\BuildLiteBehavior [ RunTime:0.000000s ]
INFO: [ app_init ] --END-- [ RunTime:0.000000s ]
INFO: [ app_begin ] --START--
INFO: Run Behavior\ReadHtmlCacheBehavior [ RunTime:0.002000s ]
INFO: [ app_begin ] --END-- [ RunTime:0.003000s ]
INFO: [ app_end ] --START--
INFO: Run Behavior\ShowPageTraceBehavior [ RunTime:0.000000s ]
INFO: [ app_end ] --END-- [ RunTime:0.001000s ]

[ 2016-07-03T11:20:27+08:00 ] 127.0.0.1 /ThinkPhpStudy/admin.php/Home/Redis/RedisTest
INFO: [ app_init ] --START--
INFO: Run Behavior\BuildLiteBehavior [ RunTime:0.000000s ]
INFO: [ app_init ] --END-- [ RunTime:0.001000s ]
INFO: [ app_begin ] --START--
INFO: Run Behavior\ReadHtmlCacheBehavior [ RunTime:0.001000s ]
INFO: [ app_begin ] --END-- [ RunTime:0.001000s ]
INFO: [ app_end ] --START--
INFO: Run Behavior\ShowPageTraceBehavior [ RunTime:0.000000s ]
INFO: [ app_end ] --END-- [ RunTime:0.001000s ]

[ 2016-07-03T11:20:27+08:00 ] 127.0.0.1 /ThinkPhpStudy/admin.php/Home/Redis/RedisTest
INFO: [ app_init ] --START--
INFO: Run Behavior\BuildLiteBehavior [ RunTime:0.001000s ]
INFO: [ app_init ] --END-- [ RunTime:0.001000s ]
INFO: [ app_begin ] --START--
INFO: Run Behavior\ReadHtmlCacheBehavior [ RunTime:0.000000s ]
INFO: [ app_begin ] --END-- [ RunTime:0.001000s ]
INFO: [ app_end ] --START--
INFO: Run Behavior\ShowPageTraceBehavior [ RunTime:0.000000s ]
INFO: [ app_end ] --END-- [ RunTime:0.000000s ]

[ 2016-07-03T11:20:34+08:00 ] 127.0.0.1 /ThinkPhpStudy/admin.php/Home/Redis/RedisTest
INFO: [ app_init ] --START--
INFO: Run Behavior\BuildLiteBehavior [ RunTime:0.000000s ]
INFO: [ app_init ] --END-- [ RunTime:0.001000s ]
INFO: [ app_begin ] --START--
INFO: Run Behavior\ReadHtmlCacheBehavior [ RunTime:0.001000s ]
INFO: [ app_begin ] --END-- [ RunTime:0.001000s ]
INFO: [ app_end ] --START--
INFO: Run Behavior\ShowPageTraceBehavior [ RunTime:0.001001s ]
INFO: [ app_end ] --END-- [ RunTime:0.001001s ]

[ 2016-07-03T11:20:35+08:00 ] 127.0.0.1 /ThinkPhpStudy/admin.php/Home/Redis/RedisTest
INFO: [ app_init ] --START--
INFO: Run Behavior\BuildLiteBehavior [ RunTime:0.000000s ]
INFO: [ app_init ] --END-- [ RunTime:0.000000s ]
INFO: [ app_begin ] --START--
INFO: Run Behavior\ReadHtmlCacheBehavior [ RunTime:0.000000s ]
INFO: [ app_begin ] --END-- [ RunTime:0.001000s ]
INFO: [ app_end ] --START--
INFO: Run Behavior\ShowPageTraceBehavior [ RunTime:0.001000s ]
INFO: [ app_end ] --END-- [ RunTime:0.001000s ]

[ 2016-07-03T11:20:35+08:00 ] 127.0.0.1 /ThinkPhpStudy/admin.php/Home/Redis/RedisTest
INFO: [ app_init ] --START--
INFO: Run Behavior\BuildLiteBehavior [ RunTime:0.000000s ]
INFO: [ app_init ] --END-- [ RunTime:0.001000s ]
INFO: [ app_begin ] --START--
INFO: Run Behavior\ReadHtmlCacheBehavior [ RunTime:0.001000s ]
INFO: [ app_begin ] --END-- [ RunTime:0.001000s ]
INFO: [ app_end ] --START--
INFO: Run Behavior\ShowPageTraceBehavior [ RunTime:0.001000s ]
INFO: [ app_end ] --END-- [ RunTime:0.001000s ]

[ 2016-07-03T11:20:42+08:00 ] 127.0.0.1 /ThinkPhpStudy/admin.php/Home/Redis/RedisTest
INFO: [ app_init ] --START--
INFO: Run Behavior\BuildLiteBehavior [ RunTime:0.000000s ]
INFO: [ app_init ] --END-- [ RunTime:0.001000s ]
INFO: [ app_begin ] --START--
INFO: Run Behavior\ReadHtmlCacheBehavior [ RunTime:0.001000s ]
INFO: [ app_begin ] --END-- [ RunTime:0.001000s ]
INFO: [ app_end ] --START--
INFO: Run Behavior\ShowPageTraceBehavior [ RunTime:0.000000s ]
INFO: [ app_end ] --END-- [ RunTime:0.001000s ]

[ 2016-07-03T11:20:42+08:00 ] 127.0.0.1 /ThinkPhpStudy/admin.php/Home/Redis/RedisTest
INFO: [ app_init ] --START--
INFO: Run Behavior\BuildLiteBehavior [ RunTime:0.000000s ]
INFO: [ app_init ] --END-- [ RunTime:0.001000s ]
INFO: [ app_begin ] --START--
INFO: Run Behavior\ReadHtmlCacheBehavior [ RunTime:0.001000s ]
INFO: [ app_begin ] --END-- [ RunTime:0.001000s ]
INFO: [ app_end ] --START--
INFO: Run Behavior\ShowPageTraceBehavior [ RunTime:0.001000s ]
INFO: [ app_end ] --END-- [ RunTime:0.001000s ]

[ 2016-07-03T11:22:41+08:00 ] 127.0.0.1 /ThinkPhpStudy/admin.php/Home/Redis/RedisTest
INFO: [ app_init ] --START--
INFO: Run Behavior\BuildLiteBehavior [ RunTime:0.000000s ]
INFO: [ app_init ] --END-- [ RunTime:0.001001s ]
INFO: [ app_begin ] --START--
INFO: Run Behavior\ReadHtmlCacheBehavior [ RunTime:0.001000s ]
INFO: [ app_begin ] --END-- [ RunTime:0.002000s ]
INFO: [ app_end ] --START--
INFO: Run Behavior\ShowPageTraceBehavior [ RunTime:0.001000s ]
INFO: [ app_end ] --END-- [ RunTime:0.001000s ]

[ 2016-07-03T11:22:41+08:00 ] 127.0.0.1 /ThinkPhpStudy/admin.php/Home/Redis/RedisTest
INFO: [ app_init ] --START--
INFO: Run Behavior\BuildLiteBehavior [ RunTime:0.000000s ]
INFO: [ app_init ] --END-- [ RunTime:0.000000s ]
INFO: [ app_begin ] --START--
INFO: Run Behavior\ReadHtmlCacheBehavior [ RunTime:0.001000s ]
INFO: [ app_begin ] --END-- [ RunTime:0.001000s ]
INFO: [ app_end ] --START--
INFO: Run Behavior\ShowPageTraceBehavior [ RunTime:0.001000s ]
INFO: [ app_end ] --END-- [ RunTime:0.001000s ]

[ 2016-07-03T11:22:42+08:00 ] 127.0.0.1 /ThinkPhpStudy/admin.php/Home/Redis/RedisTest
INFO: [ app_init ] --START--
INFO: Run Behavior\BuildLiteBehavior [ RunTime:0.000000s ]
INFO: [ app_init ] --END-- [ RunTime:0.000000s ]
INFO: [ app_begin ] --START--
INFO: Run Behavior\ReadHtmlCacheBehavior [ RunTime:0.000000s ]
INFO: [ app_begin ] --END-- [ RunTime:0.001001s ]
INFO: [ app_end ] --START--
INFO: Run Behavior\ShowPageTraceBehavior [ RunTime:0.000000s ]
INFO: [ app_end ] --END-- [ RunTime:0.001000s ]

[ 2016-07-03T11:22:42+08:00 ] 127.0.0.1 /ThinkPhpStudy/admin.php/Home/Redis/RedisTest
INFO: [ app_init ] --START--
INFO: Run Behavior\BuildLiteBehavior [ RunTime:0.000000s ]
INFO: [ app_init ] --END-- [ RunTime:0.000000s ]
INFO: [ app_begin ] --START--
INFO: Run Behavior\ReadHtmlCacheBehavior [ RunTime:0.000000s ]
INFO: [ app_begin ] --END-- [ RunTime:0.000000s ]
INFO: [ app_end ] --START--
INFO: Run Behavior\ShowPageTraceBehavior [ RunTime:0.001000s ]
INFO: [ app_end ] --END-- [ RunTime:0.001000s ]

[ 2016-07-03T11:23:32+08:00 ] 127.0.0.1 /ThinkPhpStudy/admin.php/Home/Redis/RedisTest
INFO: [ app_init ] --START--
INFO: Run Behavior\BuildLiteBehavior [ RunTime:0.000000s ]
INFO: [ app_init ] --END-- [ RunTime:0.001000s ]
INFO: [ app_begin ] --START--
INFO: Run Behavior\ReadHtmlCacheBehavior [ RunTime:0.000000s ]
INFO: [ app_begin ] --END-- [ RunTime:0.001000s ]
INFO: [ app_end ] --START--
INFO: Run Behavior\ShowPageTraceBehavior [ RunTime:0.000000s ]
INFO: [ app_end ] --END-- [ RunTime:0.001000s ]

[ 2016-07-03T11:23:33+08:00 ] 127.0.0.1 /ThinkPhpStudy/admin.php/Home/Redis/RedisTest
INFO: [ app_init ] --START--
INFO: Run Behavior\BuildLiteBehavior [ RunTime:0.000000s ]
INFO: [ app_init ] --END-- [ RunTime:0.000000s ]
INFO: [ app_begin ] --START--
INFO: Run Behavior\ReadHtmlCacheBehavior [ RunTime:0.000000s ]
INFO: [ app_begin ] --END-- [ RunTime:0.000000s ]
INFO: [ app_end ] --START--
INFO: Run Behavior\ShowPageTraceBehavior [ RunTime:0.001000s ]
INFO: [ app_end ] --END-- [ RunTime:0.001000s ]

[ 2016-07-03T14:07:34+08:00 ] 127.0.0.1 /ThinkPhpStudy/admin.php/Home/Redis/RedisTest
INFO: [ app_init ] --START--
INFO: Run Behavior\BuildLiteBehavior [ RunTime:0.000000s ]
INFO: [ app_init ] --END-- [ RunTime:0.001000s ]
INFO: [ app_begin ] --START--
INFO: Run Behavior\ReadHtmlCacheBehavior [ RunTime:0.001000s ]
INFO: [ app_begin ] --END-- [ RunTime:0.001000s ]
INFO: [ app_end ] --START--
INFO: Run Behavior\ShowPageTraceBehavior [ RunTime:0.001000s ]
INFO: [ app_end ] --END-- [ RunTime:0.001000s ]

[ 2016-07-03T14:12:04+08:00 ] 127.0.0.1 /ThinkPhpStudy/admin.php/Home/Redis/RedisTest
INFO: [ app_init ] --START--
INFO: Run Behavior\BuildLiteBehavior [ RunTime:0.000000s ]
INFO: [ app_init ] --END-- [ RunTime:0.000000s ]
INFO: [ app_begin ] --START--
INFO: Run Behavior\ReadHtmlCacheBehavior [ RunTime:0.002000s ]
INFO: [ app_begin ] --END-- [ RunTime:0.002000s ]
INFO: [ app_end ] --START--
INFO: Run Behavior\ShowPageTraceBehavior [ RunTime:0.001000s ]
INFO: [ app_end ] --END-- [ RunTime:0.002000s ]

[ 2016-07-03T14:12:05+08:00 ] 127.0.0.1 /ThinkPhpStudy/admin.php/Home/Redis/RedisTest
INFO: [ app_init ] --START--
INFO: Run Behavior\BuildLiteBehavior [ RunTime:0.000000s ]
INFO: [ app_init ] --END-- [ RunTime:0.001000s ]
INFO: [ app_begin ] --START--
INFO: Run Behavior\ReadHtmlCacheBehavior [ RunTime:0.001000s ]
INFO: [ app_begin ] --END-- [ RunTime:0.001000s ]
INFO: [ app_end ] --START--
INFO: Run Behavior\ShowPageTraceBehavior [ RunTime:0.000000s ]
INFO: [ app_end ] --END-- [ RunTime:0.001000s ]

[ 2016-07-03T14:50:04+08:00 ] 127.0.0.1 /ThinkPhpStudy/admin.php/Home/Redis/RedisTest
INFO: [ app_init ] --START--
INFO: Run Behavior\BuildLiteBehavior [ RunTime:0.000000s ]
INFO: [ app_init ] --END-- [ RunTime:0.001000s ]
INFO: [ app_begin ] --START--
INFO: Run Behavior\ReadHtmlCacheBehavior [ RunTime:0.001000s ]
INFO: [ app_begin ] --END-- [ RunTime:0.001000s ]
NOTIC: [2] Wrong parameter count for Redis::sAdd() F:\wamp\www\ThinkPhpStudy\Backend\Home\Controller\RedisController.class.php 第 28 行.
INFO: [ app_end ] --START--
INFO: Run Behavior\ShowPageTraceBehavior [ RunTime:0.001000s ]
INFO: [ app_end ] --END-- [ RunTime:0.002000s ]

[ 2016-07-03T15:01:55+08:00 ] 127.0.0.1 /ThinkPhpStudy/admin.php/Home/Redis/getDefine
INFO: [ app_init ] --START--
INFO: Run Behavior\BuildLiteBehavior [ RunTime:0.000000s ]
INFO: [ app_init ] --END-- [ RunTime:0.000000s ]
INFO: [ app_begin ] --START--
INFO: Run Behavior\ReadHtmlCacheBehavior [ RunTime:0.001000s ]
INFO: [ app_begin ] --END-- [ RunTime:0.001000s ]
INFO: [ app_end ] --START--
INFO: Run Behavior\ShowPageTraceBehavior [ RunTime:0.000000s ]
INFO: [ app_end ] --END-- [ RunTime:0.000000s ]

[ 2016-07-03T15:02:37+08:00 ] 127.0.0.1 /ThinkPhpStudy/admin.php/Home/Redis/getDefine
INFO: [ app_init ] --START--
INFO: Run Behavior\BuildLiteBehavior [ RunTime:0.000000s ]
INFO: [ app_init ] --END-- [ RunTime:0.000000s ]
INFO: [ app_begin ] --START--
INFO: Run Behavior\ReadHtmlCacheBehavior [ RunTime:0.000000s ]
INFO: [ app_begin ] --END-- [ RunTime:0.000000s ]
NOTIC: [8] Use of undefined constant REDIS_HOST - assumed 'REDIS_HOST' F:\wamp\www\ThinkPhpStudy\Backend\Home\Controller\RedisController.class.php 第 130 行.
INFO: [ app_end ] --START--
INFO: Run Behavior\ShowPageTraceBehavior [ RunTime:0.002000s ]
INFO: [ app_end ] --END-- [ RunTime:0.002000s ]

[ 2016-07-03T15:02:38+08:00 ] 127.0.0.1 /ThinkPhpStudy/admin.php/Home/Redis/getDefine
INFO: [ app_init ] --START--
INFO: Run Behavior\BuildLiteBehavior [ RunTime:0.000000s ]
INFO: [ app_init ] --END-- [ RunTime:0.001001s ]
INFO: [ app_begin ] --START--
INFO: Run Behavior\ReadHtmlCacheBehavior [ RunTime:0.000000s ]
INFO: [ app_begin ] --END-- [ RunTime:0.001000s ]
NOTIC: [8] Use of undefined constant REDIS_HOST - assumed 'REDIS_HOST' F:\wamp\www\ThinkPhpStudy\Backend\Home\Controller\RedisController.class.php 第 130 行.
INFO: [ app_end ] --START--
INFO: Run Behavior\ShowPageTraceBehavior [ RunTime:0.001000s ]
INFO: [ app_end ] --END-- [ RunTime:0.001000s ]

[ 2016-07-03T15:02:39+08:00 ] 127.0.0.1 /ThinkPhpStudy/admin.php/Home/Redis/getDefine
INFO: [ app_init ] --START--
INFO: Run Behavior\BuildLiteBehavior [ RunTime:0.000000s ]
INFO: [ app_init ] --END-- [ RunTime:0.001000s ]
INFO: [ app_begin ] --START--
INFO: Run Behavior\ReadHtmlCacheBehavior [ RunTime:0.001000s ]
INFO: [ app_begin ] --END-- [ RunTime:0.001000s ]
NOTIC: [8] Use of undefined constant REDIS_HOST - assumed 'REDIS_HOST' F:\wamp\www\ThinkPhpStudy\Backend\Home\Controller\RedisController.class.php 第 130 行.
INFO: [ app_end ] --START--
INFO: Run Behavior\ShowPageTraceBehavior [ RunTime:0.000000s ]
INFO: [ app_end ] --END-- [ RunTime:0.002000s ]

[ 2016-07-03T15:02:40+08:00 ] 127.0.0.1 /ThinkPhpStudy/admin.php/Home/Redis/getDefine
INFO: [ app_init ] --START--
INFO: Run Behavior\BuildLiteBehavior [ RunTime:0.000000s ]
INFO: [ app_init ] --END-- [ RunTime:0.002000s ]
INFO: [ app_begin ] --START--
INFO: Run Behavior\ReadHtmlCacheBehavior [ RunTime:0.000000s ]
INFO: [ app_begin ] --END-- [ RunTime:0.000000s ]
NOTIC: [8] Use of undefined constant REDIS_HOST - assumed 'REDIS_HOST' F:\wamp\www\ThinkPhpStudy\Backend\Home\Controller\RedisController.class.php 第 130 行.
INFO: [ app_end ] --START--
INFO: Run Behavior\ShowPageTraceBehavior [ RunTime:0.001000s ]
INFO: [ app_end ] --END-- [ RunTime:0.001000s ]

[ 2016-07-03T15:03:33+08:00 ] 127.0.0.1 /ThinkPhpStudy/admin.php/Home/Redis/getDefine
INFO: [ app_init ] --START--
INFO: Run Behavior\BuildLiteBehavior [ RunTime:0.000000s ]
INFO: [ app_init ] --END-- [ RunTime:0.001000s ]
INFO: [ app_begin ] --START--
INFO: Run Behavior\ReadHtmlCacheBehavior [ RunTime:0.000000s ]
INFO: [ app_begin ] --END-- [ RunTime:0.000000s ]
INFO: [ app_end ] --START--
INFO: Run Behavior\ShowPageTraceBehavior [ RunTime:0.000000s ]
INFO: [ app_end ] --END-- [ RunTime:0.000000s ]

[ 2016-07-03T15:05:38+08:00 ] 127.0.0.1 /ThinkPhpStudy/admin.php/Home/Redis/getDefine
INFO: [ app_init ] --START--
INFO: Run Behavior\BuildLiteBehavior [ RunTime:0.000000s ]
INFO: [ app_init ] --END-- [ RunTime:0.001000s ]
INFO: [ app_begin ] --START--
INFO: Run Behavior\ReadHtmlCacheBehavior [ RunTime:0.000000s ]
INFO: [ app_begin ] --END-- [ RunTime:0.001000s ]
INFO: [ app_end ] --START--
INFO: Run Behavior\ShowPageTraceBehavior [ RunTime:0.001000s ]
INFO: [ app_end ] --END-- [ RunTime:0.001000s ]

[ 2016-07-03T15:05:39+08:00 ] 127.0.0.1 /ThinkPhpStudy/admin.php/Home/Redis/getDefine
INFO: [ app_init ] --START--
INFO: Run Behavior\BuildLiteBehavior [ RunTime:0.000000s ]
INFO: [ app_init ] --END-- [ RunTime:0.001000s ]
INFO: [ app_begin ] --START--
INFO: Run Behavior\ReadHtmlCacheBehavior [ RunTime:0.001000s ]
INFO: [ app_begin ] --END-- [ RunTime:0.002000s ]
INFO: [ app_end ] --START--
INFO: Run Behavior\ShowPageTraceBehavior [ RunTime:0.001000s ]
INFO: [ app_end ] --END-- [ RunTime:0.001000s ]

[ 2016-07-03T15:05:39+08:00 ] 127.0.0.1 /ThinkPhpStudy/admin.php/Home/Redis/getDefine
INFO: [ app_init ] --START--
INFO: Run Behavior\BuildLiteBehavior [ RunTime:0.000000s ]
INFO: [ app_init ] --END-- [ RunTime:0.001000s ]
INFO: [ app_begin ] --START--
INFO: Run Behavior\ReadHtmlCacheBehavior [ RunTime:0.001000s ]
INFO: [ app_begin ] --END-- [ RunTime:0.001000s ]
INFO: [ app_end ] --START--
INFO: Run Behavior\ShowPageTraceBehavior [ RunTime:0.001000s ]
INFO: [ app_end ] --END-- [ RunTime:0.001000s ]

[ 2016-07-03T15:05:50+08:00 ] 127.0.0.1 /ThinkPhpStudy/admin.php/Home/Redis/getDefine
INFO: [ app_init ] --START--
INFO: Run Behavior\BuildLiteBehavior [ RunTime:0.000000s ]
INFO: [ app_init ] --END-- [ RunTime:0.001000s ]
INFO: [ app_begin ] --START--
INFO: Run Behavior\ReadHtmlCacheBehavior [ RunTime:0.001000s ]
INFO: [ app_begin ] --END-- [ RunTime:0.001000s ]
INFO: [ app_end ] --START--
INFO: Run Behavior\ShowPageTraceBehavior [ RunTime:0.001000s ]
INFO: [ app_end ] --END-- [ RunTime:0.002000s ]

[ 2016-07-03T15:05:51+08:00 ] 127.0.0.1 /ThinkPhpStudy/admin.php/Home/Redis/getDefine
INFO: [ app_init ] --START--
INFO: Run Behavior\BuildLiteBehavior [ RunTime:0.000000s ]
INFO: [ app_init ] --END-- [ RunTime:0.001000s ]
INFO: [ app_begin ] --START--
INFO: Run Behavior\ReadHtmlCacheBehavior [ RunTime:0.001000s ]
INFO: [ app_begin ] --END-- [ RunTime:0.001000s ]
INFO: [ app_end ] --START--
INFO: Run Behavior\ShowPageTraceBehavior [ RunTime:0.001000s ]
INFO: [ app_end ] --END-- [ RunTime:0.002000s ]

[ 2016-07-03T15:08:13+08:00 ] 127.0.0.1 /ThinkPhpStudy/admin.php/Home/Redis/getDefine
INFO: [ app_init ] --START--
INFO: Run Behavior\BuildLiteBehavior [ RunTime:0.000000s ]
INFO: [ app_init ] --END-- [ RunTime:0.001000s ]
INFO: [ app_begin ] --START--
INFO: Run Behavior\ReadHtmlCacheBehavior [ RunTime:0.001000s ]
INFO: [ app_begin ] --END-- [ RunTime:0.001000s ]
INFO: [ app_end ] --START--
INFO: Run Behavior\ShowPageTraceBehavior [ RunTime:0.001000s ]
INFO: [ app_end ] --END-- [ RunTime:0.001000s ]

[ 2016-07-03T15:08:14+08:00 ] 127.0.0.1 /ThinkPhpStudy/admin.php/Home/Redis/getDefine
INFO: [ app_init ] --START--
INFO: Run Behavior\BuildLiteBehavior [ RunTime:0.000000s ]
INFO: [ app_init ] --END-- [ RunTime:0.001000s ]
INFO: [ app_begin ] --START--
INFO: Run Behavior\ReadHtmlCacheBehavior [ RunTime:0.001000s ]
INFO: [ app_begin ] --END-- [ RunTime:0.001000s ]
INFO: [ app_end ] --START--
INFO: Run Behavior\ShowPageTraceBehavior [ RunTime:0.000000s ]
INFO: [ app_end ] --END-- [ RunTime:0.000000s ]

[ 2016-07-03T15:08:14+08:00 ] 127.0.0.1 /ThinkPhpStudy/admin.php/Home/Redis/getDefine
INFO: [ app_init ] --START--
INFO: Run Behavior\BuildLiteBehavior [ RunTime:0.000000s ]
INFO: [ app_init ] --END-- [ RunTime:0.001000s ]
INFO: [ app_begin ] --START--
INFO: Run Behavior\ReadHtmlCacheBehavior [ RunTime:0.001000s ]
INFO: [ app_begin ] --END-- [ RunTime:0.001000s ]
INFO: [ app_end ] --START--
INFO: Run Behavior\ShowPageTraceBehavior [ RunTime:0.000000s ]
INFO: [ app_end ] --END-- [ RunTime:0.000000s ]

[ 2016-07-03T15:08:24+08:00 ] 127.0.0.1 /ThinkPhpStudy/admin.php/Home/Redis/getDefine
INFO: [ app_init ] --START--
INFO: Run Behavior\BuildLiteBehavior [ RunTime:0.001000s ]
INFO: [ app_init ] --END-- [ RunTime:0.001000s ]
INFO: [ app_begin ] --START--
INFO: Run Behavior\ReadHtmlCacheBehavior [ RunTime:0.001000s ]
INFO: [ app_begin ] --END-- [ RunTime:0.001000s ]
INFO: [ app_end ] --START--
INFO: Run Behavior\ShowPageTraceBehavior [ RunTime:0.001000s ]
INFO: [ app_end ] --END-- [ RunTime:0.001000s ]

[ 2016-07-03T15:08:43+08:00 ] 127.0.0.1 /ThinkPhpStudy/admin.php/Home/Redis/getDefine
INFO: [ app_init ] --START--
INFO: Run Behavior\BuildLiteBehavior [ RunTime:0.000000s ]
INFO: [ app_init ] --END-- [ RunTime:0.001000s ]
INFO: [ app_begin ] --START--
INFO: Run Behavior\ReadHtmlCacheBehavior [ RunTime:0.001000s ]
INFO: [ app_begin ] --END-- [ RunTime:0.002000s ]
INFO: [ app_end ] --START--
INFO: Run Behavior\ShowPageTraceBehavior [ RunTime:0.001000s ]
INFO: [ app_end ] --END-- [ RunTime:0.003000s ]

[ 2016-07-03T15:14:26+08:00 ] 127.0.0.1 /ThinkPhpStudy/admin.php/Home/Redis/%20RedisTest
INFO: [ app_init ] --START--
INFO: Run Behavior\BuildLiteBehavior [ RunTime:0.000000s ]
INFO: [ app_init ] --END-- [ RunTime:0.001000s ]
INFO: [ app_begin ] --START--
INFO: Run Behavior\ReadHtmlCacheBehavior [ RunTime:0.000000s ]
INFO: [ app_begin ] --END-- [ RunTime:0.000000s ]
ERR: 非法操作: RedisTest

[ 2016-07-03T15:14:29+08:00 ] 127.0.0.1 /ThinkPhpStudy/admin.php/Home/Redis/getDefine
INFO: [ app_init ] --START--
INFO: Run Behavior\BuildLiteBehavior [ RunTime:0.000000s ]
INFO: [ app_init ] --END-- [ RunTime:0.001000s ]
INFO: [ app_begin ] --START--
INFO: Run Behavior\ReadHtmlCacheBehavior [ RunTime:0.000000s ]
INFO: [ app_begin ] --END-- [ RunTime:0.000000s ]
INFO: [ app_end ] --START--
INFO: Run Behavior\ShowPageTraceBehavior [ RunTime:0.000000s ]
INFO: [ app_end ] --END-- [ RunTime:0.001000s ]

[ 2016-07-03T15:14:38+08:00 ] 127.0.0.1 /ThinkPhpStudy/admin.php/Home/Redis/RedisTest
INFO: [ app_init ] --START--
INFO: Run Behavior\BuildLiteBehavior [ RunTime:0.000000s ]
INFO: [ app_init ] --END-- [ RunTime:0.001000s ]
INFO: [ app_begin ] --START--
INFO: Run Behavior\ReadHtmlCacheBehavior [ RunTime:0.000000s ]
INFO: [ app_begin ] --END-- [ RunTime:0.001000s ]
NOTIC: [8] Undefined index: HOST F:\wamp\www\ThinkPhpStudy\ThinkPHP\Library\Org\Util\Redis.class.php 第 36 行.
NOTIC: [8] Undefined index: PORT F:\wamp\www\ThinkPhpStudy\ThinkPHP\Library\Org\Util\Redis.class.php 第 36 行.
NOTIC: [8] Undefined index: AUTH F:\wamp\www\ThinkPhpStudy\ThinkPHP\Library\Org\Util\Redis.class.php 第 37 行.
INFO: [ app_end ] --START--
INFO: Run Behavior\ShowPageTraceBehavior [ RunTime:0.001000s ]
INFO: [ app_end ] --END-- [ RunTime:0.001000s ]

[ 2016-07-03T15:15:11+08:00 ] 127.0.0.1 /ThinkPhpStudy/admin.php/Home/Redis/RedisTest
INFO: [ app_init ] --START--
INFO: Run Behavior\BuildLiteBehavior [ RunTime:0.000000s ]
INFO: [ app_init ] --END-- [ RunTime:0.002000s ]
INFO: [ app_begin ] --START--
INFO: Run Behavior\ReadHtmlCacheBehavior [ RunTime:0.001000s ]
INFO: [ app_begin ] --END-- [ RunTime:0.001000s ]
NOTIC: [8] Undefined index: HOST F:\wamp\www\ThinkPhpStudy\ThinkPHP\Library\Org\Util\Redis.class.php 第 36 行.
NOTIC: [8] Undefined index: PORT F:\wamp\www\ThinkPhpStudy\ThinkPHP\Library\Org\Util\Redis.class.php 第 36 行.
NOTIC: [8] Undefined index: AUTH F:\wamp\www\ThinkPhpStudy\ThinkPHP\Library\Org\Util\Redis.class.php 第 37 行.
INFO: [ app_end ] --START--
INFO: Run Behavior\ShowPageTraceBehavior [ RunTime:0.000000s ]
INFO: [ app_end ] --END-- [ RunTime:0.002000s ]

[ 2016-07-03T15:16:40+08:00 ] 127.0.0.1 /ThinkPhpStudy/admin.php/Home/Redis/RedisTest
INFO: [ app_init ] --START--
INFO: Run Behavior\BuildLiteBehavior [ RunTime:0.000000s ]
INFO: [ app_init ] --END-- [ RunTime:0.000000s ]
INFO: [ app_begin ] --START--
INFO: Run Behavior\ReadHtmlCacheBehavior [ RunTime:0.001000s ]
INFO: [ app_begin ] --END-- [ RunTime:0.001000s ]
NOTIC: [8] Undefined index: HOST F:\wamp\www\ThinkPhpStudy\ThinkPHP\Library\Org\Util\Redis.class.php 第 39 行.
INFO: [ app_end ] --START--
INFO: Run Behavior\ShowPageTraceBehavior [ RunTime:0.000000s ]
INFO: [ app_end ] --END-- [ RunTime:0.001000s ]

[ 2016-07-03T15:17:32+08:00 ] 127.0.0.1 /ThinkPhpStudy/admin.php/Home/Redis/RedisTest
INFO: [ app_init ] --START--
INFO: Run Behavior\BuildLiteBehavior [ RunTime:0.000000s ]
INFO: [ app_init ] --END-- [ RunTime:0.000000s ]
INFO: [ app_begin ] --START--
INFO: Run Behavior\ReadHtmlCacheBehavior [ RunTime:0.000000s ]
INFO: [ app_begin ] --END-- [ RunTime:0.000000s ]
NOTIC: [8] Undefined index: HOST F:\wamp\www\ThinkPhpStudy\ThinkPHP\Library\Org\Util\Redis.class.php 第 36 行.
NOTIC: [8] Undefined index: PORT F:\wamp\www\ThinkPhpStudy\ThinkPHP\Library\Org\Util\Redis.class.php 第 36 行.
NOTIC: [8] Undefined index: AUTH F:\wamp\www\ThinkPhpStudy\ThinkPHP\Library\Org\Util\Redis.class.php 第 37 行.
INFO: [ app_end ] --START--
INFO: Run Behavior\ShowPageTraceBehavior [ RunTime:0.001000s ]
INFO: [ app_end ] --END-- [ RunTime:0.001000s ]

[ 2016-07-03T15:18:04+08:00 ] 127.0.0.1 /ThinkPhpStudy/admin.php/Home/Redis/RedisTest
INFO: [ app_init ] --START--
INFO: Run Behavior\BuildLiteBehavior [ RunTime:0.000000s ]
INFO: [ app_init ] --END-- [ RunTime:0.001000s ]
INFO: [ app_begin ] --START--
INFO: Run Behavior\ReadHtmlCacheBehavior [ RunTime:0.000000s ]
INFO: [ app_begin ] --END-- [ RunTime:0.001000s ]
NOTIC: [8] Undefined index: HOST F:\wamp\www\ThinkPhpStudy\ThinkPHP\Library\Org\Util\Redis.class.php 第 36 行.
NOTIC: [8] Undefined index: PORT F:\wamp\www\ThinkPhpStudy\ThinkPHP\Library\Org\Util\Redis.class.php 第 36 行.
NOTIC: [8] Undefined index: AUTH F:\wamp\www\ThinkPhpStudy\ThinkPHP\Library\Org\Util\Redis.class.php 第 37 行.
INFO: [ app_end ] --START--
INFO: Run Behavior\ShowPageTraceBehavior [ RunTime:0.001000s ]
INFO: [ app_end ] --END-- [ RunTime:0.002000s ]

[ 2016-07-03T15:18:29+08:00 ] 127.0.0.1 /ThinkPhpStudy/admin.php/Home/Redis/RedisTest
INFO: [ app_init ] --START--
INFO: Run Behavior\BuildLiteBehavior [ RunTime:0.000000s ]
INFO: [ app_init ] --END-- [ RunTime:0.001000s ]
INFO: [ app_begin ] --START--
INFO: Run Behavior\ReadHtmlCacheBehavior [ RunTime:0.001000s ]
INFO: [ app_begin ] --END-- [ RunTime:0.001000s ]
NOTIC: [8] Undefined index: HOST F:\wamp\www\ThinkPhpStudy\ThinkPHP\Library\Org\Util\Redis.class.php 第 36 行.
NOTIC: [8] Undefined index: PORT F:\wamp\www\ThinkPhpStudy\ThinkPHP\Library\Org\Util\Redis.class.php 第 36 行.
NOTIC: [8] Undefined index: AUTH F:\wamp\www\ThinkPhpStudy\ThinkPHP\Library\Org\Util\Redis.class.php 第 37 行.
INFO: [ app_end ] --START--
INFO: Run Behavior\ShowPageTraceBehavior [ RunTime:0.001000s ]
INFO: [ app_end ] --END-- [ RunTime:0.001000s ]

[ 2016-07-03T15:19:01+08:00 ] 127.0.0.1 /ThinkPhpStudy/admin.php/Home/Redis/RedisTest
INFO: [ app_init ] --START--
INFO: Run Behavior\BuildLiteBehavior [ RunTime:0.000000s ]
INFO: [ app_init ] --END-- [ RunTime:0.001000s ]
INFO: [ app_begin ] --START--
INFO: Run Behavior\ReadHtmlCacheBehavior [ RunTime:0.002000s ]
INFO: [ app_begin ] --END-- [ RunTime:0.002000s ]
INFO: [ app_end ] --START--
INFO: Run Behavior\ShowPageTraceBehavior [ RunTime:0.001000s ]
INFO: [ app_end ] --END-- [ RunTime:0.001000s ]

[ 2016-07-03T15:20:07+08:00 ] 127.0.0.1 /ThinkPhpStudy/admin.php/Home/Redis/RedisTest
INFO: [ app_init ] --START--
INFO: Run Behavior\BuildLiteBehavior [ RunTime:0.000000s ]
INFO: [ app_init ] --END-- [ RunTime:0.001000s ]
INFO: [ app_begin ] --START--
INFO: Run Behavior\ReadHtmlCacheBehavior [ RunTime:0.002000s ]
INFO: [ app_begin ] --END-- [ RunTime:0.002000s ]
INFO: [ app_end ] --START--
INFO: Run Behavior\ShowPageTraceBehavior [ RunTime:0.001000s ]
INFO: [ app_end ] --END-- [ RunTime:0.001000s ]

[ 2016-07-03T15:20:07+08:00 ] 127.0.0.1 /ThinkPhpStudy/admin.php/Home/Redis/RedisTest
INFO: [ app_init ] --START--
INFO: Run Behavior\BuildLiteBehavior [ RunTime:0.000000s ]
INFO: [ app_init ] --END-- [ RunTime:0.001000s ]
INFO: [ app_begin ] --START--
INFO: Run Behavior\ReadHtmlCacheBehavior [ RunTime:0.001000s ]
INFO: [ app_begin ] --END-- [ RunTime:0.001000s ]
INFO: [ app_end ] --START--
INFO: Run Behavior\ShowPageTraceBehavior [ RunTime:0.000000s ]
INFO: [ app_end ] --END-- [ RunTime:0.002000s ]

[ 2016-07-03T15:20:08+08:00 ] 127.0.0.1 /ThinkPhpStudy/admin.php/Home/Redis/RedisTest
INFO: [ app_init ] --START--
INFO: Run Behavior\BuildLiteBehavior [ RunTime:0.000000s ]
INFO: [ app_init ] --END-- [ RunTime:0.000000s ]
INFO: [ app_begin ] --START--
INFO: Run Behavior\ReadHtmlCacheBehavior [ RunTime:0.000000s ]
INFO: [ app_begin ] --END-- [ RunTime:0.000000s ]
INFO: [ app_end ] --START--
INFO: Run Behavior\ShowPageTraceBehavior [ RunTime:0.000000s ]
INFO: [ app_end ] --END-- [ RunTime:0.001000s ]

[ 2016-07-03T15:20:08+08:00 ] 127.0.0.1 /ThinkPhpStudy/admin.php/Home/Redis/RedisTest
INFO: [ app_init ] --START--
INFO: Run Behavior\BuildLiteBehavior [ RunTime:0.000000s ]
INFO: [ app_init ] --END-- [ RunTime:0.001000s ]
INFO: [ app_begin ] --START--
INFO: Run Behavior\ReadHtmlCacheBehavior [ RunTime:0.000000s ]
INFO: [ app_begin ] --END-- [ RunTime:0.000000s ]
INFO: [ app_end ] --START--
INFO: Run Behavior\ShowPageTraceBehavior [ RunTime:0.000000s ]
INFO: [ app_end ] --END-- [ RunTime:0.001000s ]

[ 2016-07-03T15:20:58+08:00 ] 127.0.0.1 /ThinkPhpStudy/admin.php/Home/Redis/RedisTest
INFO: [ app_init ] --START--
INFO: Run Behavior\BuildLiteBehavior [ RunTime:0.000000s ]
INFO: [ app_init ] --END-- [ RunTime:0.000000s ]
INFO: [ app_begin ] --START--
INFO: Run Behavior\ReadHtmlCacheBehavior [ RunTime:0.000000s ]
INFO: [ app_begin ] --END-- [ RunTime:0.000000s ]
NOTIC: [8] Undefined index: HOST F:\wamp\www\ThinkPhpStudy\ThinkPHP\Library\Org\Util\Redis.class.php 第 36 行.
NOTIC: [8] Undefined index: PORT F:\wamp\www\ThinkPhpStudy\ThinkPHP\Library\Org\Util\Redis.class.php 第 36 行.
NOTIC: [8] Undefined index: AUTH F:\wamp\www\ThinkPhpStudy\ThinkPHP\Library\Org\Util\Redis.class.php 第 37 行.
INFO: [ app_end ] --START--
INFO: Run Behavior\ShowPageTraceBehavior [ RunTime:0.002000s ]
INFO: [ app_end ] --END-- [ RunTime:0.002000s ]

[ 2016-07-03T15:21:11+08:00 ] 127.0.0.1 /ThinkPhpStudy/admin.php/Home/Redis/RedisTest
INFO: [ app_init ] --START--
INFO: Run Behavior\BuildLiteBehavior [ RunTime:0.000000s ]
INFO: [ app_init ] --END-- [ RunTime:0.001000s ]
INFO: [ app_begin ] --START--
INFO: Run Behavior\ReadHtmlCacheBehavior [ RunTime:0.000000s ]
INFO: [ app_begin ] --END-- [ RunTime:0.002000s ]
INFO: [ app_end ] --START--
INFO: Run Behavior\ShowPageTraceBehavior [ RunTime:0.001000s ]
INFO: [ app_end ] --END-- [ RunTime:0.001000s ]

[ 2016-07-03T15:24:33+08:00 ] 127.0.0.1 /ThinkPhpStudy/admin.php/Home/Redis/readRedis
INFO: [ app_init ] --START--
INFO: Run Behavior\BuildLiteBehavior [ RunTime:0.000000s ]
INFO: [ app_init ] --END-- [ RunTime:0.000000s ]
INFO: [ app_begin ] --START--
INFO: Run Behavior\ReadHtmlCacheBehavior [ RunTime:0.000000s ]
INFO: [ app_begin ] --END-- [ RunTime:0.000000s ]
INFO: [ app_end ] --START--
INFO: Run Behavior\ShowPageTraceBehavior [ RunTime:0.001000s ]
INFO: [ app_end ] --END-- [ RunTime:0.002000s ]

[ 2016-07-03T15:25:16+08:00 ] 127.0.0.1 /ThinkPhpStudy/admin.php/Home/Redis/readRedis
INFO: [ app_init ] --START--
INFO: Run Behavior\BuildLiteBehavior [ RunTime:0.000000s ]
INFO: [ app_init ] --END-- [ RunTime:0.000000s ]
INFO: [ app_begin ] --START--
INFO: Run Behavior\ReadHtmlCacheBehavior [ RunTime:0.000000s ]
INFO: [ app_begin ] --END-- [ RunTime:0.001000s ]
INFO: [ app_end ] --START--
INFO: Run Behavior\ShowPageTraceBehavior [ RunTime:0.001000s ]
INFO: [ app_end ] --END-- [ RunTime:0.001000s ]

[ 2016-07-03T15:29:36+08:00 ] 127.0.0.1 /ThinkPhpStudy/admin.php/Home/Redis/readRedis
INFO: [ app_init ] --START--
INFO: Run Behavior\BuildLiteBehavior [ RunTime:0.000000s ]
INFO: [ app_init ] --END-- [ RunTime:0.001000s ]
INFO: [ app_begin ] --START--
INFO: Run Behavior\ReadHtmlCacheBehavior [ RunTime:0.001000s ]
INFO: [ app_begin ] --END-- [ RunTime:0.001000s ]
ERR: read error on connection

[ 2016-07-03T15:33:41+08:00 ] 127.0.0.1 /ThinkPhpStudy/admin.php/Home/Redis/readRedis
INFO: [ app_init ] --START--
INFO: Run Behavior\BuildLiteBehavior [ RunTime:0.000000s ]
INFO: [ app_init ] --END-- [ RunTime:0.000000s ]
INFO: [ app_begin ] --START--
INFO: Run Behavior\ReadHtmlCacheBehavior [ RunTime:0.000000s ]
INFO: [ app_begin ] --END-- [ RunTime:0.001000s ]
INFO: [ app_end ] --START--
INFO: Run Behavior\ShowPageTraceBehavior [ RunTime:0.001000s ]
INFO: [ app_end ] --END-- [ RunTime:0.001000s ]

[ 2016-07-03T15:33:57+08:00 ] 127.0.0.1 /ThinkPhpStudy/admin.php/Home/Redis/readRedis
INFO: [ app_init ] --START--
INFO: Run Behavior\BuildLiteBehavior [ RunTime:0.000000s ]
INFO: [ app_init ] --END-- [ RunTime:0.001000s ]
INFO: [ app_begin ] --START--
INFO: Run Behavior\ReadHtmlCacheBehavior [ RunTime:0.000000s ]
INFO: [ app_begin ] --END-- [ RunTime:0.000000s ]
INFO: [ app_end ] --START--
INFO: Run Behavior\ShowPageTraceBehavior [ RunTime:0.001000s ]
INFO: [ app_end ] --END-- [ RunTime:0.001000s ]

